[0.128s] Invoking command in '/home/vboxuser/ros2_ws/src/build/cpp_pubsub': AMENT_PREFIX_PATH=/home/vboxuser/ros2_ws/src/install/my_custom_msgs:${AMENT_PREFIX_PATH} CMAKE_PREFIX_PATH=/home/vboxuser/ros2_ws/src/install/tutorial_interfaces:/home/vboxuser/ros2_ws/src/install/my_custom_msgs:/home/vboxuser/ros2_humble/install/rosbag2_storage_mcap:/home/vboxuser/ros2_humble/install/rosbag2:/home/vboxuser/ros2_humble/install/rosbag2_compression_zstd:/home/vboxuser/ros2_humble/install/mcap_vendor:/home/vboxuser/ros2_humble/install/zstd_vendor:/home/vboxuser/ros2_humble/install/rviz_visual_testing_framework:/home/vboxuser/ros2_humble/install/rviz2:/home/vboxuser/ros2_humble/install/rviz_default_plugins:/home/vboxuser/ros2_humble/install/rviz_common:/home/vboxuser/ros2_humble/install/rosbag2_py:/home/vboxuser/ros2_humble/install/rosbag2_transport:/home/vboxuser/ros2_humble/install/rosbag2_performance_benchmarking:/home/vboxuser/ros2_humble/install/rosbag2_compression:/home/vboxuser/ros2_humble/install/rosbag2_cpp:/home/vboxuser/ros2_humble/install/rosbag2_storage_default_plugins:/home/vboxuser/ros2_humble/install/rosbag2_storage:/home/vboxuser/ros2_humble/install/image_common:/home/vboxuser/ros2_humble/install/camera_info_manager:/home/vboxuser/ros2_humble/install/camera_calibration_parsers:/home/vboxuser/ros2_humble/install/yaml_cpp_vendor:/home/vboxuser/ros2_humble/install/interactive_markers:/home/vboxuser/ros2_humble/install/common_interfaces:/home/vboxuser/ros2_humble/install/visualization_msgs:/home/vboxuser/ros2_humble/install/dummy_robot_bringup:/home/vboxuser/ros2_humble/install/robot_state_publisher:/home/vboxuser/ros2_humble/install/kdl_parser:/home/vboxuser/ros2_humble/install/urdf:/home/vboxuser/ros2_humble/install/urdfdom:/home/vboxuser/ros2_humble/install/urdf_parser_plugin:/home/vboxuser/ros2_humble/install/urdfdom_headers:/home/vboxuser/ros2_humble/install/turtlesim:/home/vboxuser/ros2_humble/install/geometry2:/home/vboxuser/ros2_humble/install/tf2_sensor_msgs:/home/vboxuser/ros2_humble/install/test_tf2:/home/vboxuser/ros2_humble/install/tf2_kdl:/home/vboxuser/ros2_humble/install/tf2_geometry_msgs:/home/vboxuser/ros2_humble/install/tf2_eigen:/home/vboxuser/ros2_humble/install/tf2_bullet:/home/vboxuser/ros2_humble/install/tf2_ros:/home/vboxuser/ros2_humble/install/tf2_py:/home/vboxuser/ros2_humble/install/tf2_msgs:/home/vboxuser/ros2_humble/install/test_msgs:/home/vboxuser/ros2_humble/install/sros2_cmake:/home/vboxuser/ros2_humble/install/ros2cli_common_extensions:/home/vboxuser/ros2_humble/install/rqt_py_common:/home/vboxuser/ros2_humble/install/ros_testing:/home/vboxuser/ros2_humble/install/ros2cli_test_interfaces:/home/vboxuser/ros2_humble/install/quality_of_service_demo_cpp:/home/vboxuser/ros2_humble/install/image_transport:/home/vboxuser/ros2_humble/install/message_filters:/home/vboxuser/ros2_humble/install/demo_nodes_cpp:/home/vboxuser/ros2_humble/install/composition:/home/vboxuser/ros2_humble/install/laser_geometry:/home/vboxuser/ros2_humble/install/rclpy:/home/vboxuser/ros2_humble/install/examples_rclcpp_minimal_action_server:/home/vboxuser/ros2_humble/install/examples_rclcpp_minimal_action_client:/home/vboxuser/ros2_humble/install/action_tutorials_cpp:/home/vboxuser/ros2_humble/install/rclcpp_action:/home/vboxuser/ros2_humble/install/rcl_action:/home/vboxuser/ros2_humble/install/examples_rclcpp_wait_set:/home/vboxuser/ros2_humble/install/examples_rclcpp_minimal_service:/home/vboxuser/ros2_humble/install/examples_rclcpp_minimal_client:/home/vboxuser/ros2_humble/install/examples_rclcpp_async_client:/home/vboxuser/ros2_humble/install/example_interfaces:/home/vboxuser/ros2_humble/install/action_tutorials_interfaces:/home/vboxuser/ros2_humble/install/action_msgs:/home/vboxuser/ros2_humble/install/unique_identifier_msgs:/home/vboxuser/ros2_humble/install/ament_lint_common:/home/vboxuser/ros2_humble/install/ament_cmake_uncrustify:/home/vboxuser/ros2_humble/install/uncrustify_vendor:/home/vboxuser/ros2_humble/install/trajectory_msgs:/home/vboxuser/ros2_humble/install/topic_statistics_demo:/home/vboxuser/ros2_humble/install/pendulum_control:/home/vboxuser/ros2_humble/install/tlsf_cpp:/home/vboxuser/ros2_humble/install/test_tracetools:/home/vboxuser/ros2_humble/install/rqt_gui_cpp:/home/vboxuser/ros2_humble/install/rosbag2_test_common:/home/vboxuser/ros2_humble/install/ros2lifecycle_test_fixtures:/home/vboxuser/ros2_humble/install/lifecycle:/home/vboxuser/ros2_humble/install/rclcpp_lifecycle:/home/vboxuser/ros2_humble/install/logging_demo:/home/vboxuser/ros2_humble/install/image_tools:/home/vboxuser/ros2_humble/install/examples_rclcpp_minimal_subscriber:/home/vboxuser/ros2_humble/install/examples_rclcpp_minimal_composition:/home/vboxuser/ros2_humble/install/demo_nodes_cpp_native:/home/vboxuser/ros2_humble/install/rclcpp_components:/home/vboxuser/ros2_humble/install/intra_process_demo:/home/vboxuser/ros2_humble/install/examples_rclcpp_multithreaded_executor:/home/vboxuser/ros2_humble/install/examples_rclcpp_minimal_timer:/home/vboxuser/ros2_humble/install/examples_rclcpp_minimal_publisher:/home/vboxuser/ros2_humble/install/examples_rclcpp_cbg_executor:/home/vboxuser/ros2_humble/install/dummy_sensors:/home/vboxuser/ros2_humble/install/dummy_map_server:/home/vboxuser/ros2_humble/install/rclcpp:/home/vboxuser/ros2_humble/install/rcl_lifecycle:/home/vboxuser/ros2_humble/install/libstatistics_collector:/home/vboxuser/ros2_humble/install/rcl:/home/vboxuser/ros2_humble/install/rmw_implementation:/home/vboxuser/ros2_humble/install/rmw_fastrtps_dynamic_cpp:/home/vboxuser/ros2_humble/install/rmw_fastrtps_cpp:/home/vboxuser/ros2_humble/install/rmw_fastrtps_shared_cpp:/home/vboxuser/ros2_humble/install/rmw_cyclonedds_cpp:/home/vboxuser/ros2_humble/install/tracetools:/home/vboxuser/ros2_humble/install/tlsf:/home/vboxuser/ros2_humble/install/tinyxml_vendor:/home/vboxuser/ros2_humble/install/qt_gui_core:/home/vboxuser/ros2_humble/install/qt_gui_cpp:/home/vboxuser/ros2_humble/install/pluginlib:/home/vboxuser/ros2_humble/install/tinyxml2_vendor:/home/vboxuser/ros2_humble/install/tf2_eigen_kdl:/home/vboxuser/ros2_humble/install/tf2:/home/vboxuser/ros2_humble/install/test_security:/home/vboxuser/ros2_humble/install/test_rmw_implementation:/home/vboxuser/ros2_humble/install/test_rclcpp:/home/vboxuser/ros2_humble/install/test_quality_of_service:/home/vboxuser/ros2_humble/install/test_launch_testing:/home/vboxuser/ros2_humble/install/test_interface_files:/home/vboxuser/ros2_humble/install/test_communication:/home/vboxuser/ros2_humble/install/test_cli_remapping:/home/vboxuser/ros2_humble/install/test_cli:/home/vboxuser/ros2_humble/install/qt_gui_app:/home/vboxuser/ros2_humble/install/qt_gui:/home/vboxuser/ros2_humble/install/tango_icons_vendor:/home/vboxuser/ros2_humble/install/stereo_msgs:/home/vboxuser/ros2_humble/install/std_srvs:/home/vboxuser/ros2_humble/install/shape_msgs:/home/vboxuser/ros2_humble/install/map_msgs:/home/vboxuser/ros2_humble/install/sensor_msgs:/home/vboxuser/ros2_humble/install/nav_msgs:/home/vboxuser/ros2_humble/install/diagnostic_msgs:/home/vboxuser/ros2_humble/install/geometry_msgs:/home/vboxuser/ros2_humble/install/actionlib_msgs:/home/vboxuser/ros2_humble/install/std_msgs:/home/vboxuser/ros2_humble/install/statistics_msgs:/home/vboxuser/ros2_humble/install/sqlite3_vendor:/home/vboxuser/ros2_humble/install/rcl_logging_spdlog:/home/vboxuser/ros2_humble/install/spdlog_vendor:/home/vboxuser/ros2_humble/install/shared_queues_vendor:/home/vboxuser/ros2_humble/install/rviz_rendering_tests:/home/vboxuser/ros2_humble/install/rviz_rendering:/home/vboxuser/ros2_humble/install/rviz_ogre_vendor:/home/vboxuser/ros2_humble/install/rviz_assimp_vendor:/home/vboxuser/ros2_humble/install/rttest:/home/vboxuser/ros2_humble/install/rmw_connextddsmicro:/home/vboxuser/ros2_humble/install/rmw_connextdds:/home/vboxuser/ros2_humble/install/rmw_connextdds_common:/home/vboxuser/ros2_humble/install/rti_connext_dds_cmake_module:/home/vboxuser/ros2_humble/install/rosgraph_msgs:/home/vboxuser/ros2_humble/install/rosbag2_interfaces:/home/vboxuser/ros2_humble/install/rmw_dds_common:/home/vboxuser/ros2_humble/install/composition_interfaces:/home/vboxuser/ros2_humble/install/rcl_interfaces:/home/vboxuser/ros2_humble/install/pendulum_msgs:/home/vboxuser/ros2_humble/install/lifecycle_msgs:/home/vboxuser/ros2_humble/install/builtin_interfaces:/home/vboxuser/ros2_humble/install/rosidl_default_runtime:/home/vboxuser/ros2_humble/install/rosidl_default_generators:/home/vboxuser/ros2_humble/install/rosidl_generator_py:/home/vboxuser/ros2_humble/install/rosidl_typesupport_introspection_tests:/home/vboxuser/ros2_humble/install/rosidl_typesupport_cpp:/home/vboxuser/ros2_humble/install/rosidl_typesupport_introspection_cpp:/home/vboxuser/ros2_humble/install/rosidl_typesupport_c:/home/vboxuser/ros2_humble/install/rosidl_typesupport_introspection_c:/home/vboxuser/ros2_humble/install/rosidl_typesupport_fastrtps_c:/home/vboxuser/ros2_humble/install/rosidl_typesupport_fastrtps_cpp:/home/vboxuser/ros2_humble/install/rosidl_generator_cpp:/home/vboxuser/ros2_humble/install/rosidl_runtime_cpp:/home/vboxuser/ros2_humble/install/rcl_yaml_param_parser:/home/vboxuser/ros2_humble/install/rmw:/home/vboxuser/ros2_humble/install/rosidl_runtime_c:/home/vboxuser/ros2_humble/install/rosidl_generator_c:/home/vboxuser/ros2_humble/install/rosidl_typesupport_interface:/home/vboxuser/ros2_humble/install/rosidl_generator_dds_idl:/home/vboxuser/ros2_humble/install/rosidl_cmake:/home/vboxuser/ros2_humble/install/rosidl_parser:/home/vboxuser/ros2_humble/install/rosidl_adapter:/home/vboxuser/ros2_humble/install/rosbag2_tests:/home/vboxuser/ros2_humble/install/rosbag2_storage_mcap_testdata:/home/vboxuser/ros2_humble/install/ros_environment:/home/vboxuser/ros2_humble/install/rmw_implementation_cmake:/home/vboxuser/ros2_humble/install/resource_retriever:/home/vboxuser/ros2_humble/install/class_loader:/home/vboxuser/ros2_humble/install/rcpputils:/home/vboxuser/ros2_humble/install/rcl_logging_noop:/home/vboxuser/ros2_humble/install/rcl_logging_interface:/home/vboxuser/ros2_humble/install/rcutils:/home/vboxuser/ros2_humble/install/qt_gui_py_common:/home/vboxuser/ros2_humble/install/qt_dotgraph:/home/vboxuser/ros2_humble/install/python_qt_binding:/home/vboxuser/ros2_humble/install/python_orocos_kdl_vendor:/home/vboxuser/ros2_humble/install/launch_testing_ament_cmake:/home/vboxuser/ros2_humble/install/python_cmake_module:/home/vboxuser/ros2_humble/install/pybind11_vendor:/home/vboxuser/ros2_humble/install/performance_test_fixture:/home/vboxuser/ros2_humble/install/osrf_testing_tools_cpp:/home/vboxuser/ros2_humble/install/orocos_kdl_vendor:/home/vboxuser/ros2_humble/install/my_package:/home/vboxuser/ros2_humble/install/mimick_vendor:/home/vboxuser/ros2_humble/install/libyaml_vendor:/home/vboxuser/ros2_humble/install/libcurl_vendor:/home/vboxuser/ros2_humble/install/keyboard_handler:/home/vboxuser/ros2_humble/install/cyclonedds:/home/vboxuser/ros2_humble/install/iceoryx_posh:/home/vboxuser/ros2_humble/install/iceoryx_hoofs:/home/vboxuser/ros2_humble/install/iceoryx_binding_c:/home/vboxuser/ros2_humble/install/ament_cmake_ros:/home/vboxuser/ros2_humble/install/ament_cmake_gmock:/home/vboxuser/ros2_humble/install/gmock_vendor:/home/vboxuser/ros2_humble/install/ament_cmake_auto:/home/vboxuser/ros2_humble/install/ament_cmake_gtest:/home/vboxuser/ros2_humble/install/gtest_vendor:/home/vboxuser/ros2_humble/install/ament_cmake_google_benchmark:/home/vboxuser/ros2_humble/install/google_benchmark_vendor:/home/vboxuser/ros2_humble/install/fastrtps:/home/vboxuser/ros2_humble/install/foonathan_memory_vendor:/home/vboxuser/ros2_humble/install/fastrtps_cmake_module:/home/vboxuser/ros2_humble/install/fastcdr:/home/vboxuser/ros2_humble/install/eigen3_cmake_module:/home/vboxuser/ros2_humble/install/console_bridge_vendor:/home/vboxuser/ros2_humble/install/ament_cmake_xmllint:/home/vboxuser/ros2_humble/install/ament_cmake_pyflakes:/home/vboxuser/ros2_humble/install/ament_cmake_pycodestyle:/home/vboxuser/ros2_humble/install/ament_cmake_pep257:/home/vboxuser/ros2_humble/install/ament_cmake_pclint:/home/vboxuser/ros2_humble/install/ament_lint_auto:/home/vboxuser/ros2_humble/install/ament_cmake:/home/vboxuser/ros2_humble/install/ament_cmake_version:/home/vboxuser/ros2_humble/install/ament_cmake_pytest:/home/vboxuser/ros2_humble/install/ament_cmake_nose:/home/vboxuser/ros2_humble/install/ament_cmake_mypy:/home/vboxuser/ros2_humble/install/ament_cmake_lint_cmake:/home/vboxuser/ros2_humble/install/ament_cmake_flake8:/home/vboxuser/ros2_humble/install/ament_cmake_cpplint:/home/vboxuser/ros2_humble/install/ament_cmake_cppcheck:/home/vboxuser/ros2_humble/install/ament_cmake_copyright:/home/vboxuser/ros2_humble/install/ament_cmake_clang_tidy:/home/vboxuser/ros2_humble/install/ament_cmake_clang_format:/home/vboxuser/ros2_humble/install/ament_cmake_test:/home/vboxuser/ros2_humble/install/ament_cmake_target_dependencies:/home/vboxuser/ros2_humble/install/ament_cmake_python:/home/vboxuser/ros2_humble/install/ament_cmake_export_dependencies:/home/vboxuser/ros2_humble/install/ament_cmake_libraries:/home/vboxuser/ros2_humble/install/ament_cmake_include_directories:/home/vboxuser/ros2_humble/install/ament_cmake_gen_version_h:/home/vboxuser/ros2_humble/install/ament_cmake_export_targets:/home/vboxuser/ros2_humble/install/ament_cmake_export_link_flags:/home/vboxuser/ros2_humble/install/ament_cmake_export_interfaces:/home/vboxuser/ros2_humble/install/ament_cmake_export_libraries:/home/vboxuser/ros2_humble/install/ament_cmake_export_include_directories:/home/vboxuser/ros2_humble/install/ament_cmake_export_definitions:/home/vboxuser/ros2_humble/install/ament_cmake_core:/home/vboxuser/ros2_humble/install/ament_index_cpp:/home/vboxuser/ros2_humble/install/rqt_bag_plugins:/home/vboxuser/ros2_humble/install/rqt_bag:/home/vboxuser/ros2_humble/install/ros2bag:/home/vboxuser/ros2_humble/install/tracetools_test:/home/vboxuser/ros2_humble/install/tracetools_launch:/home/vboxuser/ros2_humble/install/topic_monitor:/home/vboxuser/ros2_humble/install/tf2_tools:/home/vboxuser/ros2_humble/install/examples_tf2_py:/home/vboxuser/ros2_humble/install/tf2_ros_py:/home/vboxuser/ros2_humble/install/sros2:/home/vboxuser/ros2_humble/install/rqt_topic:/home/vboxuser/ros2_humble/install/rqt_srv:/home/vboxuser/ros2_humble/install/rqt_shell:/home/vboxuser/ros2_humble/install/rqt_service_caller:/home/vboxuser/ros2_humble/install/rqt_reconfigure:/home/vboxuser/ros2_humble/install/rqt_py_console:/home/vboxuser/ros2_humble/install/rqt_publisher:/home/vboxuser/ros2_humble/install/rqt_plot:/home/vboxuser/ros2_humble/install/rqt_action:/home/vboxuser/ros2_humble/install/rqt_msg:/home/vboxuser/ros2_humble/install/rqt_console:/home/vboxuser/ros2_humble/install/rqt:/home/vboxuser/ros2_humble/install/rqt_graph:/home/vboxuser/ros2_humble/install/rqt_gui_py:/home/vboxuser/ros2_humble/install/rqt_gui:/home/vboxuser/ros2_humble/install/ros2trace:/home/vboxuser/ros2_humble/install/ros2topic:/home/vboxuser/ros2_humble/install/ros2test:/home/vboxuser/ros2_humble/install/ros2component:/home/vboxuser/ros2_humble/install/ros2param:/home/vboxuser/ros2_humble/install/ros2lifecycle:/home/vboxuser/ros2_humble/install/ros2service:/home/vboxuser/ros2_humble/install/ros2run:/home/vboxuser/ros2_humble/install/ros2launch:/home/vboxuser/ros2_humble/install/ros2pkg:/home/vboxuser/ros2_humble/install/ros2node:/home/vboxuser/ros2_humble/install/ros2multicast:/home/vboxuser/ros2_humble/install/ros2interface:/home/vboxuser/ros2_humble/install/ros2doctor:/home/vboxuser/ros2_humble/install/ros2action:/home/vboxuser/ros2_humble/install/ros2cli:/home/vboxuser/ros2_humble/install/quality_of_service_demo_py:/home/vboxuser/ros2_humble/install/lifecycle_py:/home/vboxuser/ros2_humble/install/launch_testing_ros:/home/vboxuser/ros2_humble/install/launch_ros:/home/vboxuser/ros2_humble/install/examples_rclpy_pointcloud_publisher:/home/vboxuser/ros2_humble/install/examples_rclpy_minimal_subscriber:/home/vboxuser/ros2_humble/install/examples_rclpy_minimal_service:/home/vboxuser/ros2_humble/install/examples_rclpy_minimal_publisher:/home/vboxuser/ros2_humble/install/examples_rclpy_minimal_client:/home/vboxuser/ros2_humble/install/examples_rclpy_minimal_action_server:/home/vboxuser/ros2_humble/install/examples_rclpy_minimal_action_client:/home/vboxuser/ros2_humble/install/examples_rclpy_guard_conditions:/home/vboxuser/ros2_humble/install/examples_rclpy_executors:/home/vboxuser/ros2_humble/install/demo_nodes_py:/home/vboxuser/ros2_humble/install/action_tutorials_py:/home/vboxuser/ros2_humble/install/ament_uncrustify:/home/vboxuser/ros2_humble/install/tracetools_trace:/home/vboxuser/ros2_humble/install/tracetools_read:/home/vboxuser/ros2_humble/install/test_tracetools_launch:/home/vboxuser/ros2_humble/install/test_launch_ros:/home/vboxuser/ros2_humble/install/sensor_msgs_py:/home/vboxuser/ros2_humble/install/rpyutils:/home/vboxuser/ros2_humble/install/rosidl_runtime_py:/home/vboxuser/ros2_humble/install/rosidl_cli:/home/vboxuser/ros2_humble/install/launch_pytest:/home/vboxuser/ros2_humble/install/launch_testing:/home/vboxuser/ros2_humble/install/launch_yaml:/home/vboxuser/ros2_humble/install/launch_xml:/home/vboxuser/ros2_humble/install/launch:/home/vboxuser/ros2_humble/install/osrf_pycommon:/home/vboxuser/ros2_humble/install/launch_testing_examples:/home/vboxuser/ros2_humble/install/domain_coordinator:/home/vboxuser/ros2_humble/install/ament_xmllint:/home/vboxuser/ros2_humble/install/ament_pyflakes:/home/vboxuser/ros2_humble/install/ament_pycodestyle:/home/vboxuser/ros2_humble/install/ament_pep257:/home/vboxuser/ros2_humble/install/ament_pclint:/home/vboxuser/ros2_humble/install/ament_package:/home/vboxuser/ros2_humble/install/ament_mypy:/home/vboxuser/ros2_humble/install/ament_lint_cmake:/home/vboxuser/ros2_humble/install/ament_flake8:/home/vboxuser/ros2_humble/install/ament_copyright:/home/vboxuser/ros2_humble/install/ament_lint:/home/vboxuser/ros2_humble/install/ament_index_python:/home/vboxuser/ros2_humble/install/ament_cpplint:/home/vboxuser/ros2_humble/install/ament_cppcheck:/home/vboxuser/ros2_humble/install/ament_clang_tidy:/home/vboxuser/ros2_humble/install/ament_clang_format /usr/bin/cmake /home/vboxuser/ros2_ws/src/cpp_pubsub -DCMAKE_INSTALL_PREFIX=/home/vboxuser/ros2_ws/src/install/cpp_pubsub
[0.300s] -- The C compiler identification is GNU 11.3.0
[0.406s] -- The CXX compiler identification is GNU 11.3.0
[0.422s] -- Detecting C compiler ABI info
[0.636s] -- Detecting C compiler ABI info - done
[0.666s] -- Check for working C compiler: /usr/bin/cc - skipped
[0.666s] -- Detecting C compile features
[0.666s] -- Detecting C compile features - done
[0.679s] -- Detecting CXX compiler ABI info
[0.889s] -- Detecting CXX compiler ABI info - done
[0.899s] -- Check for working CXX compiler: /usr/bin/c++ - skipped
[0.899s] -- Detecting CXX compile features
[0.900s] -- Detecting CXX compile features - done
[0.936s] -- Found ament_cmake: 1.3.3 (/home/vboxuser/ros2_humble/install/ament_cmake/share/ament_cmake/cmake)
[1.899s] -- Found Python3: /usr/bin/python3.10 (found version "3.10.6") found components: Interpreter 
[2.428s] -- Found rclcpp: 16.0.3 (/home/vboxuser/ros2_humble/install/rclcpp/share/rclcpp/cmake)
[2.636s] -- Found rosidl_generator_c: 3.1.4 (/home/vboxuser/ros2_humble/install/rosidl_generator_c/share/rosidl_generator_c/cmake)
[2.673s] -- Found rosidl_adapter: 3.1.4 (/home/vboxuser/ros2_humble/install/rosidl_adapter/share/rosidl_adapter/cmake)
[2.784s] -- Found rosidl_generator_cpp: 3.1.4 (/home/vboxuser/ros2_humble/install/rosidl_generator_cpp/share/rosidl_generator_cpp/cmake)
[2.867s] -- Using all available rosidl_typesupport_c: rosidl_typesupport_introspection_c;rosidl_typesupport_fastrtps_c
[3.009s] -- Using all available rosidl_typesupport_cpp: rosidl_typesupport_introspection_cpp;rosidl_typesupport_fastrtps_cpp
[3.317s] -- Found rmw_implementation_cmake: 6.1.1 (/home/vboxuser/ros2_humble/install/rmw_implementation_cmake/share/rmw_implementation_cmake/cmake)
[3.416s] -- Found rmw_fastrtps_cpp: 6.2.2 (/home/vboxuser/ros2_humble/install/rmw_fastrtps_cpp/share/rmw_fastrtps_cpp/cmake)
[3.983s] -- Found OpenSSL: /usr/lib/x86_64-linux-gnu/libcrypto.so (found version "3.0.2")  
[4.108s] -- Found FastRTPS: /home/vboxuser/ros2_humble/install/fastrtps/include  
[4.313s] -- Using RMW implementation 'rmw_fastrtps_cpp' as default
[4.403s] -- Looking for pthread.h
[4.817s] -- Looking for pthread.h - found
[4.817s] -- Performing Test CMAKE_HAVE_LIBC_PTHREAD
[5.089s] -- Performing Test CMAKE_HAVE_LIBC_PTHREAD - Success
[5.097s] -- Found Threads: TRUE  
[5.599s] -- Found my_custom_msgs: 0.0.0 (/home/vboxuser/ros2_ws/src/install/my_custom_msgs/share/my_custom_msgs/cmake)
[5.600s] -- Found tutorial_interfaces: 0.0.0 (/home/vboxuser/ros2_ws/src/install/tutorial_interfaces/share/tutorial_interfaces/cmake)
[6.400s] -- Configuring done
[6.459s] -- Generating done
[6.462s] -- Build files have been written to: /home/vboxuser/ros2_ws/src/build/cpp_pubsub
[6.488s] Invoked command in '/home/vboxuser/ros2_ws/src/build/cpp_pubsub' returned '0': AMENT_PREFIX_PATH=/home/vboxuser/ros2_ws/src/install/my_custom_msgs:${AMENT_PREFIX_PATH} CMAKE_PREFIX_PATH=/home/vboxuser/ros2_ws/src/install/tutorial_interfaces:/home/vboxuser/ros2_ws/src/install/my_custom_msgs:/home/vboxuser/ros2_humble/install/rosbag2_storage_mcap:/home/vboxuser/ros2_humble/install/rosbag2:/home/vboxuser/ros2_humble/install/rosbag2_compression_zstd:/home/vboxuser/ros2_humble/install/mcap_vendor:/home/vboxuser/ros2_humble/install/zstd_vendor:/home/vboxuser/ros2_humble/install/rviz_visual_testing_framework:/home/vboxuser/ros2_humble/install/rviz2:/home/vboxuser/ros2_humble/install/rviz_default_plugins:/home/vboxuser/ros2_humble/install/rviz_common:/home/vboxuser/ros2_humble/install/rosbag2_py:/home/vboxuser/ros2_humble/install/rosbag2_transport:/home/vboxuser/ros2_humble/install/rosbag2_performance_benchmarking:/home/vboxuser/ros2_humble/install/rosbag2_compression:/home/vboxuser/ros2_humble/install/rosbag2_cpp:/home/vboxuser/ros2_humble/install/rosbag2_storage_default_plugins:/home/vboxuser/ros2_humble/install/rosbag2_storage:/home/vboxuser/ros2_humble/install/image_common:/home/vboxuser/ros2_humble/install/camera_info_manager:/home/vboxuser/ros2_humble/install/camera_calibration_parsers:/home/vboxuser/ros2_humble/install/yaml_cpp_vendor:/home/vboxuser/ros2_humble/install/interactive_markers:/home/vboxuser/ros2_humble/install/common_interfaces:/home/vboxuser/ros2_humble/install/visualization_msgs:/home/vboxuser/ros2_humble/install/dummy_robot_bringup:/home/vboxuser/ros2_humble/install/robot_state_publisher:/home/vboxuser/ros2_humble/install/kdl_parser:/home/vboxuser/ros2_humble/install/urdf:/home/vboxuser/ros2_humble/install/urdfdom:/home/vboxuser/ros2_humble/install/urdf_parser_plugin:/home/vboxuser/ros2_humble/install/urdfdom_headers:/home/vboxuser/ros2_humble/install/turtlesim:/home/vboxuser/ros2_humble/install/geometry2:/home/vboxuser/ros2_humble/install/tf2_sensor_msgs:/home/vboxuser/ros2_humble/install/test_tf2:/home/vboxuser/ros2_humble/install/tf2_kdl:/home/vboxuser/ros2_humble/install/tf2_geometry_msgs:/home/vboxuser/ros2_humble/install/tf2_eigen:/home/vboxuser/ros2_humble/install/tf2_bullet:/home/vboxuser/ros2_humble/install/tf2_ros:/home/vboxuser/ros2_humble/install/tf2_py:/home/vboxuser/ros2_humble/install/tf2_msgs:/home/vboxuser/ros2_humble/install/test_msgs:/home/vboxuser/ros2_humble/install/sros2_cmake:/home/vboxuser/ros2_humble/install/ros2cli_common_extensions:/home/vboxuser/ros2_humble/install/rqt_py_common:/home/vboxuser/ros2_humble/install/ros_testing:/home/vboxuser/ros2_humble/install/ros2cli_test_interfaces:/home/vboxuser/ros2_humble/install/quality_of_service_demo_cpp:/home/vboxuser/ros2_humble/install/image_transport:/home/vboxuser/ros2_humble/install/message_filters:/home/vboxuser/ros2_humble/install/demo_nodes_cpp:/home/vboxuser/ros2_humble/install/composition:/home/vboxuser/ros2_humble/install/laser_geometry:/home/vboxuser/ros2_humble/install/rclpy:/home/vboxuser/ros2_humble/install/examples_rclcpp_minimal_action_server:/home/vboxuser/ros2_humble/install/examples_rclcpp_minimal_action_client:/home/vboxuser/ros2_humble/install/action_tutorials_cpp:/home/vboxuser/ros2_humble/install/rclcpp_action:/home/vboxuser/ros2_humble/install/rcl_action:/home/vboxuser/ros2_humble/install/examples_rclcpp_wait_set:/home/vboxuser/ros2_humble/install/examples_rclcpp_minimal_service:/home/vboxuser/ros2_humble/install/examples_rclcpp_minimal_client:/home/vboxuser/ros2_humble/install/examples_rclcpp_async_client:/home/vboxuser/ros2_humble/install/example_interfaces:/home/vboxuser/ros2_humble/install/action_tutorials_interfaces:/home/vboxuser/ros2_humble/install/action_msgs:/home/vboxuser/ros2_humble/install/unique_identifier_msgs:/home/vboxuser/ros2_humble/install/ament_lint_common:/home/vboxuser/ros2_humble/install/ament_cmake_uncrustify:/home/vboxuser/ros2_humble/install/uncrustify_vendor:/home/vboxuser/ros2_humble/install/trajectory_msgs:/home/vboxuser/ros2_humble/install/topic_statistics_demo:/home/vboxuser/ros2_humble/install/pendulum_control:/home/vboxuser/ros2_humble/install/tlsf_cpp:/home/vboxuser/ros2_humble/install/test_tracetools:/home/vboxuser/ros2_humble/install/rqt_gui_cpp:/home/vboxuser/ros2_humble/install/rosbag2_test_common:/home/vboxuser/ros2_humble/install/ros2lifecycle_test_fixtures:/home/vboxuser/ros2_humble/install/lifecycle:/home/vboxuser/ros2_humble/install/rclcpp_lifecycle:/home/vboxuser/ros2_humble/install/logging_demo:/home/vboxuser/ros2_humble/install/image_tools:/home/vboxuser/ros2_humble/install/examples_rclcpp_minimal_subscriber:/home/vboxuser/ros2_humble/install/examples_rclcpp_minimal_composition:/home/vboxuser/ros2_humble/install/demo_nodes_cpp_native:/home/vboxuser/ros2_humble/install/rclcpp_components:/home/vboxuser/ros2_humble/install/intra_process_demo:/home/vboxuser/ros2_humble/install/examples_rclcpp_multithreaded_executor:/home/vboxuser/ros2_humble/install/examples_rclcpp_minimal_timer:/home/vboxuser/ros2_humble/install/examples_rclcpp_minimal_publisher:/home/vboxuser/ros2_humble/install/examples_rclcpp_cbg_executor:/home/vboxuser/ros2_humble/install/dummy_sensors:/home/vboxuser/ros2_humble/install/dummy_map_server:/home/vboxuser/ros2_humble/install/rclcpp:/home/vboxuser/ros2_humble/install/rcl_lifecycle:/home/vboxuser/ros2_humble/install/libstatistics_collector:/home/vboxuser/ros2_humble/install/rcl:/home/vboxuser/ros2_humble/install/rmw_implementation:/home/vboxuser/ros2_humble/install/rmw_fastrtps_dynamic_cpp:/home/vboxuser/ros2_humble/install/rmw_fastrtps_cpp:/home/vboxuser/ros2_humble/install/rmw_fastrtps_shared_cpp:/home/vboxuser/ros2_humble/install/rmw_cyclonedds_cpp:/home/vboxuser/ros2_humble/install/tracetools:/home/vboxuser/ros2_humble/install/tlsf:/home/vboxuser/ros2_humble/install/tinyxml_vendor:/home/vboxuser/ros2_humble/install/qt_gui_core:/home/vboxuser/ros2_humble/install/qt_gui_cpp:/home/vboxuser/ros2_humble/install/pluginlib:/home/vboxuser/ros2_humble/install/tinyxml2_vendor:/home/vboxuser/ros2_humble/install/tf2_eigen_kdl:/home/vboxuser/ros2_humble/install/tf2:/home/vboxuser/ros2_humble/install/test_security:/home/vboxuser/ros2_humble/install/test_rmw_implementation:/home/vboxuser/ros2_humble/install/test_rclcpp:/home/vboxuser/ros2_humble/install/test_quality_of_service:/home/vboxuser/ros2_humble/install/test_launch_testing:/home/vboxuser/ros2_humble/install/test_interface_files:/home/vboxuser/ros2_humble/install/test_communication:/home/vboxuser/ros2_humble/install/test_cli_remapping:/home/vboxuser/ros2_humble/install/test_cli:/home/vboxuser/ros2_humble/install/qt_gui_app:/home/vboxuser/ros2_humble/install/qt_gui:/home/vboxuser/ros2_humble/install/tango_icons_vendor:/home/vboxuser/ros2_humble/install/stereo_msgs:/home/vboxuser/ros2_humble/install/std_srvs:/home/vboxuser/ros2_humble/install/shape_msgs:/home/vboxuser/ros2_humble/install/map_msgs:/home/vboxuser/ros2_humble/install/sensor_msgs:/home/vboxuser/ros2_humble/install/nav_msgs:/home/vboxuser/ros2_humble/install/diagnostic_msgs:/home/vboxuser/ros2_humble/install/geometry_msgs:/home/vboxuser/ros2_humble/install/actionlib_msgs:/home/vboxuser/ros2_humble/install/std_msgs:/home/vboxuser/ros2_humble/install/statistics_msgs:/home/vboxuser/ros2_humble/install/sqlite3_vendor:/home/vboxuser/ros2_humble/install/rcl_logging_spdlog:/home/vboxuser/ros2_humble/install/spdlog_vendor:/home/vboxuser/ros2_humble/install/shared_queues_vendor:/home/vboxuser/ros2_humble/install/rviz_rendering_tests:/home/vboxuser/ros2_humble/install/rviz_rendering:/home/vboxuser/ros2_humble/install/rviz_ogre_vendor:/home/vboxuser/ros2_humble/install/rviz_assimp_vendor:/home/vboxuser/ros2_humble/install/rttest:/home/vboxuser/ros2_humble/install/rmw_connextddsmicro:/home/vboxuser/ros2_humble/install/rmw_connextdds:/home/vboxuser/ros2_humble/install/rmw_connextdds_common:/home/vboxuser/ros2_humble/install/rti_connext_dds_cmake_module:/home/vboxuser/ros2_humble/install/rosgraph_msgs:/home/vboxuser/ros2_humble/install/rosbag2_interfaces:/home/vboxuser/ros2_humble/install/rmw_dds_common:/home/vboxuser/ros2_humble/install/composition_interfaces:/home/vboxuser/ros2_humble/install/rcl_interfaces:/home/vboxuser/ros2_humble/install/pendulum_msgs:/home/vboxuser/ros2_humble/install/lifecycle_msgs:/home/vboxuser/ros2_humble/install/builtin_interfaces:/home/vboxuser/ros2_humble/install/rosidl_default_runtime:/home/vboxuser/ros2_humble/install/rosidl_default_generators:/home/vboxuser/ros2_humble/install/rosidl_generator_py:/home/vboxuser/ros2_humble/install/rosidl_typesupport_introspection_tests:/home/vboxuser/ros2_humble/install/rosidl_typesupport_cpp:/home/vboxuser/ros2_humble/install/rosidl_typesupport_introspection_cpp:/home/vboxuser/ros2_humble/install/rosidl_typesupport_c:/home/vboxuser/ros2_humble/install/rosidl_typesupport_introspection_c:/home/vboxuser/ros2_humble/install/rosidl_typesupport_fastrtps_c:/home/vboxuser/ros2_humble/install/rosidl_typesupport_fastrtps_cpp:/home/vboxuser/ros2_humble/install/rosidl_generator_cpp:/home/vboxuser/ros2_humble/install/rosidl_runtime_cpp:/home/vboxuser/ros2_humble/install/rcl_yaml_param_parser:/home/vboxuser/ros2_humble/install/rmw:/home/vboxuser/ros2_humble/install/rosidl_runtime_c:/home/vboxuser/ros2_humble/install/rosidl_generator_c:/home/vboxuser/ros2_humble/install/rosidl_typesupport_interface:/home/vboxuser/ros2_humble/install/rosidl_generator_dds_idl:/home/vboxuser/ros2_humble/install/rosidl_cmake:/home/vboxuser/ros2_humble/install/rosidl_parser:/home/vboxuser/ros2_humble/install/rosidl_adapter:/home/vboxuser/ros2_humble/install/rosbag2_tests:/home/vboxuser/ros2_humble/install/rosbag2_storage_mcap_testdata:/home/vboxuser/ros2_humble/install/ros_environment:/home/vboxuser/ros2_humble/install/rmw_implementation_cmake:/home/vboxuser/ros2_humble/install/resource_retriever:/home/vboxuser/ros2_humble/install/class_loader:/home/vboxuser/ros2_humble/install/rcpputils:/home/vboxuser/ros2_humble/install/rcl_logging_noop:/home/vboxuser/ros2_humble/install/rcl_logging_interface:/home/vboxuser/ros2_humble/install/rcutils:/home/vboxuser/ros2_humble/install/qt_gui_py_common:/home/vboxuser/ros2_humble/install/qt_dotgraph:/home/vboxuser/ros2_humble/install/python_qt_binding:/home/vboxuser/ros2_humble/install/python_orocos_kdl_vendor:/home/vboxuser/ros2_humble/install/launch_testing_ament_cmake:/home/vboxuser/ros2_humble/install/python_cmake_module:/home/vboxuser/ros2_humble/install/pybind11_vendor:/home/vboxuser/ros2_humble/install/performance_test_fixture:/home/vboxuser/ros2_humble/install/osrf_testing_tools_cpp:/home/vboxuser/ros2_humble/install/orocos_kdl_vendor:/home/vboxuser/ros2_humble/install/my_package:/home/vboxuser/ros2_humble/install/mimick_vendor:/home/vboxuser/ros2_humble/install/libyaml_vendor:/home/vboxuser/ros2_humble/install/libcurl_vendor:/home/vboxuser/ros2_humble/install/keyboard_handler:/home/vboxuser/ros2_humble/install/cyclonedds:/home/vboxuser/ros2_humble/install/iceoryx_posh:/home/vboxuser/ros2_humble/install/iceoryx_hoofs:/home/vboxuser/ros2_humble/install/iceoryx_binding_c:/home/vboxuser/ros2_humble/install/ament_cmake_ros:/home/vboxuser/ros2_humble/install/ament_cmake_gmock:/home/vboxuser/ros2_humble/install/gmock_vendor:/home/vboxuser/ros2_humble/install/ament_cmake_auto:/home/vboxuser/ros2_humble/install/ament_cmake_gtest:/home/vboxuser/ros2_humble/install/gtest_vendor:/home/vboxuser/ros2_humble/install/ament_cmake_google_benchmark:/home/vboxuser/ros2_humble/install/google_benchmark_vendor:/home/vboxuser/ros2_humble/install/fastrtps:/home/vboxuser/ros2_humble/install/foonathan_memory_vendor:/home/vboxuser/ros2_humble/install/fastrtps_cmake_module:/home/vboxuser/ros2_humble/install/fastcdr:/home/vboxuser/ros2_humble/install/eigen3_cmake_module:/home/vboxuser/ros2_humble/install/console_bridge_vendor:/home/vboxuser/ros2_humble/install/ament_cmake_xmllint:/home/vboxuser/ros2_humble/install/ament_cmake_pyflakes:/home/vboxuser/ros2_humble/install/ament_cmake_pycodestyle:/home/vboxuser/ros2_humble/install/ament_cmake_pep257:/home/vboxuser/ros2_humble/install/ament_cmake_pclint:/home/vboxuser/ros2_humble/install/ament_lint_auto:/home/vboxuser/ros2_humble/install/ament_cmake:/home/vboxuser/ros2_humble/install/ament_cmake_version:/home/vboxuser/ros2_humble/install/ament_cmake_pytest:/home/vboxuser/ros2_humble/install/ament_cmake_nose:/home/vboxuser/ros2_humble/install/ament_cmake_mypy:/home/vboxuser/ros2_humble/install/ament_cmake_lint_cmake:/home/vboxuser/ros2_humble/install/ament_cmake_flake8:/home/vboxuser/ros2_humble/install/ament_cmake_cpplint:/home/vboxuser/ros2_humble/install/ament_cmake_cppcheck:/home/vboxuser/ros2_humble/install/ament_cmake_copyright:/home/vboxuser/ros2_humble/install/ament_cmake_clang_tidy:/home/vboxuser/ros2_humble/install/ament_cmake_clang_format:/home/vboxuser/ros2_humble/install/ament_cmake_test:/home/vboxuser/ros2_humble/install/ament_cmake_target_dependencies:/home/vboxuser/ros2_humble/install/ament_cmake_python:/home/vboxuser/ros2_humble/install/ament_cmake_export_dependencies:/home/vboxuser/ros2_humble/install/ament_cmake_libraries:/home/vboxuser/ros2_humble/install/ament_cmake_include_directories:/home/vboxuser/ros2_humble/install/ament_cmake_gen_version_h:/home/vboxuser/ros2_humble/install/ament_cmake_export_targets:/home/vboxuser/ros2_humble/install/ament_cmake_export_link_flags:/home/vboxuser/ros2_humble/install/ament_cmake_export_interfaces:/home/vboxuser/ros2_humble/install/ament_cmake_export_libraries:/home/vboxuser/ros2_humble/install/ament_cmake_export_include_directories:/home/vboxuser/ros2_humble/install/ament_cmake_export_definitions:/home/vboxuser/ros2_humble/install/ament_cmake_core:/home/vboxuser/ros2_humble/install/ament_index_cpp:/home/vboxuser/ros2_humble/install/rqt_bag_plugins:/home/vboxuser/ros2_humble/install/rqt_bag:/home/vboxuser/ros2_humble/install/ros2bag:/home/vboxuser/ros2_humble/install/tracetools_test:/home/vboxuser/ros2_humble/install/tracetools_launch:/home/vboxuser/ros2_humble/install/topic_monitor:/home/vboxuser/ros2_humble/install/tf2_tools:/home/vboxuser/ros2_humble/install/examples_tf2_py:/home/vboxuser/ros2_humble/install/tf2_ros_py:/home/vboxuser/ros2_humble/install/sros2:/home/vboxuser/ros2_humble/install/rqt_topic:/home/vboxuser/ros2_humble/install/rqt_srv:/home/vboxuser/ros2_humble/install/rqt_shell:/home/vboxuser/ros2_humble/install/rqt_service_caller:/home/vboxuser/ros2_humble/install/rqt_reconfigure:/home/vboxuser/ros2_humble/install/rqt_py_console:/home/vboxuser/ros2_humble/install/rqt_publisher:/home/vboxuser/ros2_humble/install/rqt_plot:/home/vboxuser/ros2_humble/install/rqt_action:/home/vboxuser/ros2_humble/install/rqt_msg:/home/vboxuser/ros2_humble/install/rqt_console:/home/vboxuser/ros2_humble/install/rqt:/home/vboxuser/ros2_humble/install/rqt_graph:/home/vboxuser/ros2_humble/install/rqt_gui_py:/home/vboxuser/ros2_humble/install/rqt_gui:/home/vboxuser/ros2_humble/install/ros2trace:/home/vboxuser/ros2_humble/install/ros2topic:/home/vboxuser/ros2_humble/install/ros2test:/home/vboxuser/ros2_humble/install/ros2component:/home/vboxuser/ros2_humble/install/ros2param:/home/vboxuser/ros2_humble/install/ros2lifecycle:/home/vboxuser/ros2_humble/install/ros2service:/home/vboxuser/ros2_humble/install/ros2run:/home/vboxuser/ros2_humble/install/ros2launch:/home/vboxuser/ros2_humble/install/ros2pkg:/home/vboxuser/ros2_humble/install/ros2node:/home/vboxuser/ros2_humble/install/ros2multicast:/home/vboxuser/ros2_humble/install/ros2interface:/home/vboxuser/ros2_humble/install/ros2doctor:/home/vboxuser/ros2_humble/install/ros2action:/home/vboxuser/ros2_humble/install/ros2cli:/home/vboxuser/ros2_humble/install/quality_of_service_demo_py:/home/vboxuser/ros2_humble/install/lifecycle_py:/home/vboxuser/ros2_humble/install/launch_testing_ros:/home/vboxuser/ros2_humble/install/launch_ros:/home/vboxuser/ros2_humble/install/examples_rclpy_pointcloud_publisher:/home/vboxuser/ros2_humble/install/examples_rclpy_minimal_subscriber:/home/vboxuser/ros2_humble/install/examples_rclpy_minimal_service:/home/vboxuser/ros2_humble/install/examples_rclpy_minimal_publisher:/home/vboxuser/ros2_humble/install/examples_rclpy_minimal_client:/home/vboxuser/ros2_humble/install/examples_rclpy_minimal_action_server:/home/vboxuser/ros2_humble/install/examples_rclpy_minimal_action_client:/home/vboxuser/ros2_humble/install/examples_rclpy_guard_conditions:/home/vboxuser/ros2_humble/install/examples_rclpy_executors:/home/vboxuser/ros2_humble/install/demo_nodes_py:/home/vboxuser/ros2_humble/install/action_tutorials_py:/home/vboxuser/ros2_humble/install/ament_uncrustify:/home/vboxuser/ros2_humble/install/tracetools_trace:/home/vboxuser/ros2_humble/install/tracetools_read:/home/vboxuser/ros2_humble/install/test_tracetools_launch:/home/vboxuser/ros2_humble/install/test_launch_ros:/home/vboxuser/ros2_humble/install/sensor_msgs_py:/home/vboxuser/ros2_humble/install/rpyutils:/home/vboxuser/ros2_humble/install/rosidl_runtime_py:/home/vboxuser/ros2_humble/install/rosidl_cli:/home/vboxuser/ros2_humble/install/launch_pytest:/home/vboxuser/ros2_humble/install/launch_testing:/home/vboxuser/ros2_humble/install/launch_yaml:/home/vboxuser/ros2_humble/install/launch_xml:/home/vboxuser/ros2_humble/install/launch:/home/vboxuser/ros2_humble/install/osrf_pycommon:/home/vboxuser/ros2_humble/install/launch_testing_examples:/home/vboxuser/ros2_humble/install/domain_coordinator:/home/vboxuser/ros2_humble/install/ament_xmllint:/home/vboxuser/ros2_humble/install/ament_pyflakes:/home/vboxuser/ros2_humble/install/ament_pycodestyle:/home/vboxuser/ros2_humble/install/ament_pep257:/home/vboxuser/ros2_humble/install/ament_pclint:/home/vboxuser/ros2_humble/install/ament_package:/home/vboxuser/ros2_humble/install/ament_mypy:/home/vboxuser/ros2_humble/install/ament_lint_cmake:/home/vboxuser/ros2_humble/install/ament_flake8:/home/vboxuser/ros2_humble/install/ament_copyright:/home/vboxuser/ros2_humble/install/ament_lint:/home/vboxuser/ros2_humble/install/ament_index_python:/home/vboxuser/ros2_humble/install/ament_cpplint:/home/vboxuser/ros2_humble/install/ament_cppcheck:/home/vboxuser/ros2_humble/install/ament_clang_tidy:/home/vboxuser/ros2_humble/install/ament_clang_format /usr/bin/cmake /home/vboxuser/ros2_ws/src/cpp_pubsub -DCMAKE_INSTALL_PREFIX=/home/vboxuser/ros2_ws/src/install/cpp_pubsub
[6.506s] Invoking command in '/home/vboxuser/ros2_ws/src/build/cpp_pubsub': AMENT_PREFIX_PATH=/home/vboxuser/ros2_ws/src/install/my_custom_msgs:${AMENT_PREFIX_PATH} CMAKE_PREFIX_PATH=/home/vboxuser/ros2_ws/src/install/tutorial_interfaces:/home/vboxuser/ros2_ws/src/install/my_custom_msgs:/home/vboxuser/ros2_humble/install/rosbag2_storage_mcap:/home/vboxuser/ros2_humble/install/rosbag2:/home/vboxuser/ros2_humble/install/rosbag2_compression_zstd:/home/vboxuser/ros2_humble/install/mcap_vendor:/home/vboxuser/ros2_humble/install/zstd_vendor:/home/vboxuser/ros2_humble/install/rviz_visual_testing_framework:/home/vboxuser/ros2_humble/install/rviz2:/home/vboxuser/ros2_humble/install/rviz_default_plugins:/home/vboxuser/ros2_humble/install/rviz_common:/home/vboxuser/ros2_humble/install/rosbag2_py:/home/vboxuser/ros2_humble/install/rosbag2_transport:/home/vboxuser/ros2_humble/install/rosbag2_performance_benchmarking:/home/vboxuser/ros2_humble/install/rosbag2_compression:/home/vboxuser/ros2_humble/install/rosbag2_cpp:/home/vboxuser/ros2_humble/install/rosbag2_storage_default_plugins:/home/vboxuser/ros2_humble/install/rosbag2_storage:/home/vboxuser/ros2_humble/install/image_common:/home/vboxuser/ros2_humble/install/camera_info_manager:/home/vboxuser/ros2_humble/install/camera_calibration_parsers:/home/vboxuser/ros2_humble/install/yaml_cpp_vendor:/home/vboxuser/ros2_humble/install/interactive_markers:/home/vboxuser/ros2_humble/install/common_interfaces:/home/vboxuser/ros2_humble/install/visualization_msgs:/home/vboxuser/ros2_humble/install/dummy_robot_bringup:/home/vboxuser/ros2_humble/install/robot_state_publisher:/home/vboxuser/ros2_humble/install/kdl_parser:/home/vboxuser/ros2_humble/install/urdf:/home/vboxuser/ros2_humble/install/urdfdom:/home/vboxuser/ros2_humble/install/urdf_parser_plugin:/home/vboxuser/ros2_humble/install/urdfdom_headers:/home/vboxuser/ros2_humble/install/turtlesim:/home/vboxuser/ros2_humble/install/geometry2:/home/vboxuser/ros2_humble/install/tf2_sensor_msgs:/home/vboxuser/ros2_humble/install/test_tf2:/home/vboxuser/ros2_humble/install/tf2_kdl:/home/vboxuser/ros2_humble/install/tf2_geometry_msgs:/home/vboxuser/ros2_humble/install/tf2_eigen:/home/vboxuser/ros2_humble/install/tf2_bullet:/home/vboxuser/ros2_humble/install/tf2_ros:/home/vboxuser/ros2_humble/install/tf2_py:/home/vboxuser/ros2_humble/install/tf2_msgs:/home/vboxuser/ros2_humble/install/test_msgs:/home/vboxuser/ros2_humble/install/sros2_cmake:/home/vboxuser/ros2_humble/install/ros2cli_common_extensions:/home/vboxuser/ros2_humble/install/rqt_py_common:/home/vboxuser/ros2_humble/install/ros_testing:/home/vboxuser/ros2_humble/install/ros2cli_test_interfaces:/home/vboxuser/ros2_humble/install/quality_of_service_demo_cpp:/home/vboxuser/ros2_humble/install/image_transport:/home/vboxuser/ros2_humble/install/message_filters:/home/vboxuser/ros2_humble/install/demo_nodes_cpp:/home/vboxuser/ros2_humble/install/composition:/home/vboxuser/ros2_humble/install/laser_geometry:/home/vboxuser/ros2_humble/install/rclpy:/home/vboxuser/ros2_humble/install/examples_rclcpp_minimal_action_server:/home/vboxuser/ros2_humble/install/examples_rclcpp_minimal_action_client:/home/vboxuser/ros2_humble/install/action_tutorials_cpp:/home/vboxuser/ros2_humble/install/rclcpp_action:/home/vboxuser/ros2_humble/install/rcl_action:/home/vboxuser/ros2_humble/install/examples_rclcpp_wait_set:/home/vboxuser/ros2_humble/install/examples_rclcpp_minimal_service:/home/vboxuser/ros2_humble/install/examples_rclcpp_minimal_client:/home/vboxuser/ros2_humble/install/examples_rclcpp_async_client:/home/vboxuser/ros2_humble/install/example_interfaces:/home/vboxuser/ros2_humble/install/action_tutorials_interfaces:/home/vboxuser/ros2_humble/install/action_msgs:/home/vboxuser/ros2_humble/install/unique_identifier_msgs:/home/vboxuser/ros2_humble/install/ament_lint_common:/home/vboxuser/ros2_humble/install/ament_cmake_uncrustify:/home/vboxuser/ros2_humble/install/uncrustify_vendor:/home/vboxuser/ros2_humble/install/trajectory_msgs:/home/vboxuser/ros2_humble/install/topic_statistics_demo:/home/vboxuser/ros2_humble/install/pendulum_control:/home/vboxuser/ros2_humble/install/tlsf_cpp:/home/vboxuser/ros2_humble/install/test_tracetools:/home/vboxuser/ros2_humble/install/rqt_gui_cpp:/home/vboxuser/ros2_humble/install/rosbag2_test_common:/home/vboxuser/ros2_humble/install/ros2lifecycle_test_fixtures:/home/vboxuser/ros2_humble/install/lifecycle:/home/vboxuser/ros2_humble/install/rclcpp_lifecycle:/home/vboxuser/ros2_humble/install/logging_demo:/home/vboxuser/ros2_humble/install/image_tools:/home/vboxuser/ros2_humble/install/examples_rclcpp_minimal_subscriber:/home/vboxuser/ros2_humble/install/examples_rclcpp_minimal_composition:/home/vboxuser/ros2_humble/install/demo_nodes_cpp_native:/home/vboxuser/ros2_humble/install/rclcpp_components:/home/vboxuser/ros2_humble/install/intra_process_demo:/home/vboxuser/ros2_humble/install/examples_rclcpp_multithreaded_executor:/home/vboxuser/ros2_humble/install/examples_rclcpp_minimal_timer:/home/vboxuser/ros2_humble/install/examples_rclcpp_minimal_publisher:/home/vboxuser/ros2_humble/install/examples_rclcpp_cbg_executor:/home/vboxuser/ros2_humble/install/dummy_sensors:/home/vboxuser/ros2_humble/install/dummy_map_server:/home/vboxuser/ros2_humble/install/rclcpp:/home/vboxuser/ros2_humble/install/rcl_lifecycle:/home/vboxuser/ros2_humble/install/libstatistics_collector:/home/vboxuser/ros2_humble/install/rcl:/home/vboxuser/ros2_humble/install/rmw_implementation:/home/vboxuser/ros2_humble/install/rmw_fastrtps_dynamic_cpp:/home/vboxuser/ros2_humble/install/rmw_fastrtps_cpp:/home/vboxuser/ros2_humble/install/rmw_fastrtps_shared_cpp:/home/vboxuser/ros2_humble/install/rmw_cyclonedds_cpp:/home/vboxuser/ros2_humble/install/tracetools:/home/vboxuser/ros2_humble/install/tlsf:/home/vboxuser/ros2_humble/install/tinyxml_vendor:/home/vboxuser/ros2_humble/install/qt_gui_core:/home/vboxuser/ros2_humble/install/qt_gui_cpp:/home/vboxuser/ros2_humble/install/pluginlib:/home/vboxuser/ros2_humble/install/tinyxml2_vendor:/home/vboxuser/ros2_humble/install/tf2_eigen_kdl:/home/vboxuser/ros2_humble/install/tf2:/home/vboxuser/ros2_humble/install/test_security:/home/vboxuser/ros2_humble/install/test_rmw_implementation:/home/vboxuser/ros2_humble/install/test_rclcpp:/home/vboxuser/ros2_humble/install/test_quality_of_service:/home/vboxuser/ros2_humble/install/test_launch_testing:/home/vboxuser/ros2_humble/install/test_interface_files:/home/vboxuser/ros2_humble/install/test_communication:/home/vboxuser/ros2_humble/install/test_cli_remapping:/home/vboxuser/ros2_humble/install/test_cli:/home/vboxuser/ros2_humble/install/qt_gui_app:/home/vboxuser/ros2_humble/install/qt_gui:/home/vboxuser/ros2_humble/install/tango_icons_vendor:/home/vboxuser/ros2_humble/install/stereo_msgs:/home/vboxuser/ros2_humble/install/std_srvs:/home/vboxuser/ros2_humble/install/shape_msgs:/home/vboxuser/ros2_humble/install/map_msgs:/home/vboxuser/ros2_humble/install/sensor_msgs:/home/vboxuser/ros2_humble/install/nav_msgs:/home/vboxuser/ros2_humble/install/diagnostic_msgs:/home/vboxuser/ros2_humble/install/geometry_msgs:/home/vboxuser/ros2_humble/install/actionlib_msgs:/home/vboxuser/ros2_humble/install/std_msgs:/home/vboxuser/ros2_humble/install/statistics_msgs:/home/vboxuser/ros2_humble/install/sqlite3_vendor:/home/vboxuser/ros2_humble/install/rcl_logging_spdlog:/home/vboxuser/ros2_humble/install/spdlog_vendor:/home/vboxuser/ros2_humble/install/shared_queues_vendor:/home/vboxuser/ros2_humble/install/rviz_rendering_tests:/home/vboxuser/ros2_humble/install/rviz_rendering:/home/vboxuser/ros2_humble/install/rviz_ogre_vendor:/home/vboxuser/ros2_humble/install/rviz_assimp_vendor:/home/vboxuser/ros2_humble/install/rttest:/home/vboxuser/ros2_humble/install/rmw_connextddsmicro:/home/vboxuser/ros2_humble/install/rmw_connextdds:/home/vboxuser/ros2_humble/install/rmw_connextdds_common:/home/vboxuser/ros2_humble/install/rti_connext_dds_cmake_module:/home/vboxuser/ros2_humble/install/rosgraph_msgs:/home/vboxuser/ros2_humble/install/rosbag2_interfaces:/home/vboxuser/ros2_humble/install/rmw_dds_common:/home/vboxuser/ros2_humble/install/composition_interfaces:/home/vboxuser/ros2_humble/install/rcl_interfaces:/home/vboxuser/ros2_humble/install/pendulum_msgs:/home/vboxuser/ros2_humble/install/lifecycle_msgs:/home/vboxuser/ros2_humble/install/builtin_interfaces:/home/vboxuser/ros2_humble/install/rosidl_default_runtime:/home/vboxuser/ros2_humble/install/rosidl_default_generators:/home/vboxuser/ros2_humble/install/rosidl_generator_py:/home/vboxuser/ros2_humble/install/rosidl_typesupport_introspection_tests:/home/vboxuser/ros2_humble/install/rosidl_typesupport_cpp:/home/vboxuser/ros2_humble/install/rosidl_typesupport_introspection_cpp:/home/vboxuser/ros2_humble/install/rosidl_typesupport_c:/home/vboxuser/ros2_humble/install/rosidl_typesupport_introspection_c:/home/vboxuser/ros2_humble/install/rosidl_typesupport_fastrtps_c:/home/vboxuser/ros2_humble/install/rosidl_typesupport_fastrtps_cpp:/home/vboxuser/ros2_humble/install/rosidl_generator_cpp:/home/vboxuser/ros2_humble/install/rosidl_runtime_cpp:/home/vboxuser/ros2_humble/install/rcl_yaml_param_parser:/home/vboxuser/ros2_humble/install/rmw:/home/vboxuser/ros2_humble/install/rosidl_runtime_c:/home/vboxuser/ros2_humble/install/rosidl_generator_c:/home/vboxuser/ros2_humble/install/rosidl_typesupport_interface:/home/vboxuser/ros2_humble/install/rosidl_generator_dds_idl:/home/vboxuser/ros2_humble/install/rosidl_cmake:/home/vboxuser/ros2_humble/install/rosidl_parser:/home/vboxuser/ros2_humble/install/rosidl_adapter:/home/vboxuser/ros2_humble/install/rosbag2_tests:/home/vboxuser/ros2_humble/install/rosbag2_storage_mcap_testdata:/home/vboxuser/ros2_humble/install/ros_environment:/home/vboxuser/ros2_humble/install/rmw_implementation_cmake:/home/vboxuser/ros2_humble/install/resource_retriever:/home/vboxuser/ros2_humble/install/class_loader:/home/vboxuser/ros2_humble/install/rcpputils:/home/vboxuser/ros2_humble/install/rcl_logging_noop:/home/vboxuser/ros2_humble/install/rcl_logging_interface:/home/vboxuser/ros2_humble/install/rcutils:/home/vboxuser/ros2_humble/install/qt_gui_py_common:/home/vboxuser/ros2_humble/install/qt_dotgraph:/home/vboxuser/ros2_humble/install/python_qt_binding:/home/vboxuser/ros2_humble/install/python_orocos_kdl_vendor:/home/vboxuser/ros2_humble/install/launch_testing_ament_cmake:/home/vboxuser/ros2_humble/install/python_cmake_module:/home/vboxuser/ros2_humble/install/pybind11_vendor:/home/vboxuser/ros2_humble/install/performance_test_fixture:/home/vboxuser/ros2_humble/install/osrf_testing_tools_cpp:/home/vboxuser/ros2_humble/install/orocos_kdl_vendor:/home/vboxuser/ros2_humble/install/my_package:/home/vboxuser/ros2_humble/install/mimick_vendor:/home/vboxuser/ros2_humble/install/libyaml_vendor:/home/vboxuser/ros2_humble/install/libcurl_vendor:/home/vboxuser/ros2_humble/install/keyboard_handler:/home/vboxuser/ros2_humble/install/cyclonedds:/home/vboxuser/ros2_humble/install/iceoryx_posh:/home/vboxuser/ros2_humble/install/iceoryx_hoofs:/home/vboxuser/ros2_humble/install/iceoryx_binding_c:/home/vboxuser/ros2_humble/install/ament_cmake_ros:/home/vboxuser/ros2_humble/install/ament_cmake_gmock:/home/vboxuser/ros2_humble/install/gmock_vendor:/home/vboxuser/ros2_humble/install/ament_cmake_auto:/home/vboxuser/ros2_humble/install/ament_cmake_gtest:/home/vboxuser/ros2_humble/install/gtest_vendor:/home/vboxuser/ros2_humble/install/ament_cmake_google_benchmark:/home/vboxuser/ros2_humble/install/google_benchmark_vendor:/home/vboxuser/ros2_humble/install/fastrtps:/home/vboxuser/ros2_humble/install/foonathan_memory_vendor:/home/vboxuser/ros2_humble/install/fastrtps_cmake_module:/home/vboxuser/ros2_humble/install/fastcdr:/home/vboxuser/ros2_humble/install/eigen3_cmake_module:/home/vboxuser/ros2_humble/install/console_bridge_vendor:/home/vboxuser/ros2_humble/install/ament_cmake_xmllint:/home/vboxuser/ros2_humble/install/ament_cmake_pyflakes:/home/vboxuser/ros2_humble/install/ament_cmake_pycodestyle:/home/vboxuser/ros2_humble/install/ament_cmake_pep257:/home/vboxuser/ros2_humble/install/ament_cmake_pclint:/home/vboxuser/ros2_humble/install/ament_lint_auto:/home/vboxuser/ros2_humble/install/ament_cmake:/home/vboxuser/ros2_humble/install/ament_cmake_version:/home/vboxuser/ros2_humble/install/ament_cmake_pytest:/home/vboxuser/ros2_humble/install/ament_cmake_nose:/home/vboxuser/ros2_humble/install/ament_cmake_mypy:/home/vboxuser/ros2_humble/install/ament_cmake_lint_cmake:/home/vboxuser/ros2_humble/install/ament_cmake_flake8:/home/vboxuser/ros2_humble/install/ament_cmake_cpplint:/home/vboxuser/ros2_humble/install/ament_cmake_cppcheck:/home/vboxuser/ros2_humble/install/ament_cmake_copyright:/home/vboxuser/ros2_humble/install/ament_cmake_clang_tidy:/home/vboxuser/ros2_humble/install/ament_cmake_clang_format:/home/vboxuser/ros2_humble/install/ament_cmake_test:/home/vboxuser/ros2_humble/install/ament_cmake_target_dependencies:/home/vboxuser/ros2_humble/install/ament_cmake_python:/home/vboxuser/ros2_humble/install/ament_cmake_export_dependencies:/home/vboxuser/ros2_humble/install/ament_cmake_libraries:/home/vboxuser/ros2_humble/install/ament_cmake_include_directories:/home/vboxuser/ros2_humble/install/ament_cmake_gen_version_h:/home/vboxuser/ros2_humble/install/ament_cmake_export_targets:/home/vboxuser/ros2_humble/install/ament_cmake_export_link_flags:/home/vboxuser/ros2_humble/install/ament_cmake_export_interfaces:/home/vboxuser/ros2_humble/install/ament_cmake_export_libraries:/home/vboxuser/ros2_humble/install/ament_cmake_export_include_directories:/home/vboxuser/ros2_humble/install/ament_cmake_export_definitions:/home/vboxuser/ros2_humble/install/ament_cmake_core:/home/vboxuser/ros2_humble/install/ament_index_cpp:/home/vboxuser/ros2_humble/install/rqt_bag_plugins:/home/vboxuser/ros2_humble/install/rqt_bag:/home/vboxuser/ros2_humble/install/ros2bag:/home/vboxuser/ros2_humble/install/tracetools_test:/home/vboxuser/ros2_humble/install/tracetools_launch:/home/vboxuser/ros2_humble/install/topic_monitor:/home/vboxuser/ros2_humble/install/tf2_tools:/home/vboxuser/ros2_humble/install/examples_tf2_py:/home/vboxuser/ros2_humble/install/tf2_ros_py:/home/vboxuser/ros2_humble/install/sros2:/home/vboxuser/ros2_humble/install/rqt_topic:/home/vboxuser/ros2_humble/install/rqt_srv:/home/vboxuser/ros2_humble/install/rqt_shell:/home/vboxuser/ros2_humble/install/rqt_service_caller:/home/vboxuser/ros2_humble/install/rqt_reconfigure:/home/vboxuser/ros2_humble/install/rqt_py_console:/home/vboxuser/ros2_humble/install/rqt_publisher:/home/vboxuser/ros2_humble/install/rqt_plot:/home/vboxuser/ros2_humble/install/rqt_action:/home/vboxuser/ros2_humble/install/rqt_msg:/home/vboxuser/ros2_humble/install/rqt_console:/home/vboxuser/ros2_humble/install/rqt:/home/vboxuser/ros2_humble/install/rqt_graph:/home/vboxuser/ros2_humble/install/rqt_gui_py:/home/vboxuser/ros2_humble/install/rqt_gui:/home/vboxuser/ros2_humble/install/ros2trace:/home/vboxuser/ros2_humble/install/ros2topic:/home/vboxuser/ros2_humble/install/ros2test:/home/vboxuser/ros2_humble/install/ros2component:/home/vboxuser/ros2_humble/install/ros2param:/home/vboxuser/ros2_humble/install/ros2lifecycle:/home/vboxuser/ros2_humble/install/ros2service:/home/vboxuser/ros2_humble/install/ros2run:/home/vboxuser/ros2_humble/install/ros2launch:/home/vboxuser/ros2_humble/install/ros2pkg:/home/vboxuser/ros2_humble/install/ros2node:/home/vboxuser/ros2_humble/install/ros2multicast:/home/vboxuser/ros2_humble/install/ros2interface:/home/vboxuser/ros2_humble/install/ros2doctor:/home/vboxuser/ros2_humble/install/ros2action:/home/vboxuser/ros2_humble/install/ros2cli:/home/vboxuser/ros2_humble/install/quality_of_service_demo_py:/home/vboxuser/ros2_humble/install/lifecycle_py:/home/vboxuser/ros2_humble/install/launch_testing_ros:/home/vboxuser/ros2_humble/install/launch_ros:/home/vboxuser/ros2_humble/install/examples_rclpy_pointcloud_publisher:/home/vboxuser/ros2_humble/install/examples_rclpy_minimal_subscriber:/home/vboxuser/ros2_humble/install/examples_rclpy_minimal_service:/home/vboxuser/ros2_humble/install/examples_rclpy_minimal_publisher:/home/vboxuser/ros2_humble/install/examples_rclpy_minimal_client:/home/vboxuser/ros2_humble/install/examples_rclpy_minimal_action_server:/home/vboxuser/ros2_humble/install/examples_rclpy_minimal_action_client:/home/vboxuser/ros2_humble/install/examples_rclpy_guard_conditions:/home/vboxuser/ros2_humble/install/examples_rclpy_executors:/home/vboxuser/ros2_humble/install/demo_nodes_py:/home/vboxuser/ros2_humble/install/action_tutorials_py:/home/vboxuser/ros2_humble/install/ament_uncrustify:/home/vboxuser/ros2_humble/install/tracetools_trace:/home/vboxuser/ros2_humble/install/tracetools_read:/home/vboxuser/ros2_humble/install/test_tracetools_launch:/home/vboxuser/ros2_humble/install/test_launch_ros:/home/vboxuser/ros2_humble/install/sensor_msgs_py:/home/vboxuser/ros2_humble/install/rpyutils:/home/vboxuser/ros2_humble/install/rosidl_runtime_py:/home/vboxuser/ros2_humble/install/rosidl_cli:/home/vboxuser/ros2_humble/install/launch_pytest:/home/vboxuser/ros2_humble/install/launch_testing:/home/vboxuser/ros2_humble/install/launch_yaml:/home/vboxuser/ros2_humble/install/launch_xml:/home/vboxuser/ros2_humble/install/launch:/home/vboxuser/ros2_humble/install/osrf_pycommon:/home/vboxuser/ros2_humble/install/launch_testing_examples:/home/vboxuser/ros2_humble/install/domain_coordinator:/home/vboxuser/ros2_humble/install/ament_xmllint:/home/vboxuser/ros2_humble/install/ament_pyflakes:/home/vboxuser/ros2_humble/install/ament_pycodestyle:/home/vboxuser/ros2_humble/install/ament_pep257:/home/vboxuser/ros2_humble/install/ament_pclint:/home/vboxuser/ros2_humble/install/ament_package:/home/vboxuser/ros2_humble/install/ament_mypy:/home/vboxuser/ros2_humble/install/ament_lint_cmake:/home/vboxuser/ros2_humble/install/ament_flake8:/home/vboxuser/ros2_humble/install/ament_copyright:/home/vboxuser/ros2_humble/install/ament_lint:/home/vboxuser/ros2_humble/install/ament_index_python:/home/vboxuser/ros2_humble/install/ament_cpplint:/home/vboxuser/ros2_humble/install/ament_cppcheck:/home/vboxuser/ros2_humble/install/ament_clang_tidy:/home/vboxuser/ros2_humble/install/ament_clang_format /usr/bin/cmake --build /home/vboxuser/ros2_ws/src/build/cpp_pubsub -- -j4 -l4
[7.089s] [ 16%] [32mBuilding CXX object CMakeFiles/talker.dir/src/publisher_member_function.cpp.o[0m
[7.179s] [ 33%] [32mBuilding CXX object CMakeFiles/listener.dir/src/subscriber_member_function.cpp.o[0m
[7.246s] [ 50%] [32mBuilding CXX object CMakeFiles/command_pub.dir/src/command_pub_function.cpp.o[0m
[8.259s] [01m[K/home/vboxuser/ros2_ws/src/cpp_pubsub/src/command_pub_function.cpp:24:10:[m[K [01;31m[Kfatal error: [m[Kmy_custom_msgs/msg/my_custom_message.hpp: No such file or directory
[8.259s]    24 | #include [01;31m[K"my_custom_msgs/msg/my_custom_message.hpp"[m[K
[8.259s]       |          [01;31m[K^~~~~~~~~~~~~~~~~~~~~~~~~~~~~~~~~~~~~~~~~~[m[K
[8.259s] compilation terminated.
[8.265s] gmake[2]: *** [CMakeFiles/command_pub.dir/build.make:76: CMakeFiles/command_pub.dir/src/command_pub_function.cpp.o] Error 1
[8.265s] gmake[1]: *** [CMakeFiles/Makefile2:193: CMakeFiles/command_pub.dir/all] Error 2
[8.265s] gmake[1]: *** Waiting for unfinished jobs....
[15.506s] [01m[K/home/vboxuser/ros2_ws/src/cpp_pubsub/src/publisher_member_function.cpp:[m[K In constructor [01m[KMinimalPublisher::MinimalPublisher()[m[K:
[15.506s] [01m[K/home/vboxuser/ros2_ws/src/cpp_pubsub/src/publisher_member_function.cpp:35:83:[m[K [01;31m[Kerror: [m[Kno match for [01m[Koperator=[m[K (operand types are [01m[Krclcpp::Publisher<std_msgs::msg::String_<std::allocator<void> > >::SharedPtr[m[K {aka [01m[Kstd::shared_ptr<rclcpp::Publisher<std_msgs::msg::String_<std::allocator<void> > > >[m[K} and [01m[Kstd::shared_ptr<rclcpp::Publisher<tutorial_interfaces::msg::Num_<std::allocator<void> >, std::allocator<void> > >[m[K)
[15.506s]    35 | _ = this->create_publisher<tutorial_interfaces::msg::Num>("topic", 10[01;31m[K)[m[K;
[15.506s]       |                                                                      [01;31m[K^[m[K
[15.506s] 
[15.518s] In file included from [01m[K/usr/include/c++/11/memory:77[m[K,
[15.518s]                  from [01m[K/home/vboxuser/ros2_ws/src/cpp_pubsub/src/publisher_member_function.cpp:17[m[K:
[15.518s] [01m[K/usr/include/c++/11/bits/shared_ptr.h:363:9:[m[K [01;36m[Knote: [m[Kcandidate: [01m[Ktemplate<class _Yp> std::shared_ptr<_Tp>::_Assignable<const std::shared_ptr<_Yp>&> std::shared_ptr<_Tp>::operator=(const std::shared_ptr<_Yp>&) [with _Yp = _Yp; _Tp = rclcpp::Publisher<std_msgs::msg::String_<std::allocator<void> > >][m[K
[15.519s]   363 |         [01;36m[Koperator[m[K=(const shared_ptr<_Yp>& __r) noexcept
[15.519s]       |         [01;36m[K^~~~~~~~[m[K
[15.519s] [01m[K/usr/include/c++/11/bits/shared_ptr.h:363:9:[m[K [01;36m[Knote: [m[K  template argument deduction/substitution failed:
[15.519s] /usr/include/c++/11/bits/shared_ptr.h: In substitution of [01m[Ktemplate<class _Tp> template<class _Arg> using _Assignable = typename std::enable_if<std::is_assignable<std::__shared_ptr<_Tp>&, _Arg>::value, std::shared_ptr<_Tp>&>::type [with _Arg = const std::shared_ptr<rclcpp::Publisher<tutorial_interfaces::msg::Num_<std::allocator<void> >, std::allocator<void> > >&; _Tp = rclcpp::Publisher<std_msgs::msg::String_<std::allocator<void> > >][m[K:
[15.520s] [01m[K/usr/include/c++/11/bits/shared_ptr.h:363:2:[m[K   required by substitution of [01m[Ktemplate<class _Yp> std::shared_ptr<rclcpp::Publisher<std_msgs::msg::String_<std::allocator<void> > > >::_Assignable<const std::shared_ptr<_Tp>&> std::shared_ptr<rclcpp::Publisher<std_msgs::msg::String_<std::allocator<void> > > >::operator=<_Yp>(const std::shared_ptr<_Tp>&) [with _Yp = rclcpp::Publisher<tutorial_interfaces::msg::Num_<std::allocator<void> >, std::allocator<void> >][m[K
[15.520s] [01m[K/home/vboxuser/ros2_ws/src/cpp_pubsub/src/publisher_member_function.cpp:35:83:[m[K   required from here
[15.520s] [01m[K/usr/include/c++/11/bits/shared_ptr.h:130:15:[m[K [01;31m[Kerror: [m[Kno type named [01m[Ktype[m[K in [01m[Kstruct std::enable_if<false, std::shared_ptr<rclcpp::Publisher<std_msgs::msg::String_<std::allocator<void> > > >&>[m[K
[15.520s]   130 |         using [01;31m[K_Assignable[m[K = typename enable_if<
[15.520s]       |               [01;31m[K^~~~~~~~~~~[m[K
[15.521s] [01m[K/usr/include/c++/11/bits/shared_ptr.h:374:9:[m[K [01;36m[Knote: [m[Kcandidate: [01m[Ktemplate<class _Yp> std::shared_ptr<_Tp>::_Assignable<std::auto_ptr<_Up> > std::shared_ptr<_Tp>::operator=(std::auto_ptr<_Up>&&) [with _Yp = _Yp; _Tp = rclcpp::Publisher<std_msgs::msg::String_<std::allocator<void> > >][m[K
[15.521s]   374 |         [01;36m[Koperator[m[K=(auto_ptr<_Yp>&& __r)
[15.521s]       |         [01;36m[K^~~~~~~~[m[K
[15.521s] [01m[K/usr/include/c++/11/bits/shared_ptr.h:374:9:[m[K [01;36m[Knote: [m[K  template argument deduction/substitution failed:
[15.522s] [01m[K/home/vboxuser/ros2_ws/src/cpp_pubsub/src/publisher_member_function.cpp:35:83:[m[K [01;36m[Knote: [m[K  [01m[Kstd::shared_ptr<rclcpp::Publisher<tutorial_interfaces::msg::Num_<std::allocator<void> >, std::allocator<void> > >[m[K is not derived from [01m[Kstd::auto_ptr<_Up>[m[K
[15.522s]    35 | _ = this->create_publisher<tutorial_interfaces::msg::Num>("topic", 10[01;36m[K)[m[K;
[15.522s]       |                                                                      [01;36m[K^[m[K
[15.522s] 
[15.522s] In file included from [01m[K/usr/include/c++/11/memory:77[m[K,
[15.522s]                  from [01m[K/home/vboxuser/ros2_ws/src/cpp_pubsub/src/publisher_member_function.cpp:17[m[K:
[15.522s] [01m[K/usr/include/c++/11/bits/shared_ptr.h:391:9:[m[K [01;36m[Knote: [m[Kcandidate: [01m[Ktemplate<class _Yp> std::shared_ptr<_Tp>::_Assignable<std::shared_ptr<_Yp> > std::shared_ptr<_Tp>::operator=(std::shared_ptr<_Yp>&&) [with _Yp = _Yp; _Tp = rclcpp::Publisher<std_msgs::msg::String_<std::allocator<void> > >][m[K
[15.522s]   391 |         [01;36m[Koperator[m[K=(shared_ptr<_Yp>&& __r) noexcept
[15.522s]       |         [01;36m[K^~~~~~~~[m[K
[15.523s] [01m[K/usr/include/c++/11/bits/shared_ptr.h:391:9:[m[K [01;36m[Knote: [m[K  template argument deduction/substitution failed:
[15.523s] /usr/include/c++/11/bits/shared_ptr.h: In substitution of [01m[Ktemplate<class _Tp> template<class _Arg> using _Assignable = typename std::enable_if<std::is_assignable<std::__shared_ptr<_Tp>&, _Arg>::value, std::shared_ptr<_Tp>&>::type [with _Arg = std::shared_ptr<rclcpp::Publisher<tutorial_interfaces::msg::Num_<std::allocator<void> >, std::allocator<void> > >; _Tp = rclcpp::Publisher<std_msgs::msg::String_<std::allocator<void> > >][m[K:
[15.523s] [01m[K/usr/include/c++/11/bits/shared_ptr.h:391:2:[m[K   required by substitution of [01m[Ktemplate<class _Yp> std::shared_ptr<rclcpp::Publisher<std_msgs::msg::String_<std::allocator<void> > > >::_Assignable<std::shared_ptr<_Tp> > std::shared_ptr<rclcpp::Publisher<std_msgs::msg::String_<std::allocator<void> > > >::operator=<_Yp>(std::shared_ptr<_Tp>&&) [with _Yp = rclcpp::Publisher<tutorial_interfaces::msg::Num_<std::allocator<void> >, std::allocator<void> >][m[K
[15.523s] [01m[K/home/vboxuser/ros2_ws/src/cpp_pubsub/src/publisher_member_function.cpp:35:83:[m[K   required from here
[15.523s] [01m[K/usr/include/c++/11/bits/shared_ptr.h:130:15:[m[K [01;31m[Kerror: [m[Kno type named [01m[Ktype[m[K in [01m[Kstruct std::enable_if<false, std::shared_ptr<rclcpp::Publisher<std_msgs::msg::String_<std::allocator<void> > > >&>[m[K
[15.523s]   130 |         using [01;31m[K_Assignable[m[K = typename enable_if<
[15.523s]       |               [01;31m[K^~~~~~~~~~~[m[K
[15.523s] [01m[K/usr/include/c++/11/bits/shared_ptr.h:399:9:[m[K [01;36m[Knote: [m[Kcandidate: [01m[Ktemplate<class _Yp, class _Del> std::shared_ptr<_Tp>::_Assignable<std::unique_ptr<_Up, _Ep> > std::shared_ptr<_Tp>::operator=(std::unique_ptr<_Up, _Ep>&&) [with _Yp = _Yp; _Del = _Del; _Tp = rclcpp::Publisher<std_msgs::msg::String_<std::allocator<void> > >][m[K
[15.523s]   399 |         [01;36m[Koperator[m[K=(unique_ptr<_Yp, _Del>&& __r)
[15.524s]       |         [01;36m[K^~~~~~~~[m[K
[15.524s] [01m[K/usr/include/c++/11/bits/shared_ptr.h:399:9:[m[K [01;36m[Knote: [m[K  template argument deduction/substitution failed:
[15.524s] [01m[K/home/vboxuser/ros2_ws/src/cpp_pubsub/src/publisher_member_function.cpp:35:83:[m[K [01;36m[Knote: [m[K  [01m[Kstd::shared_ptr<rclcpp::Publisher<tutorial_interfaces::msg::Num_<std::allocator<void> >, std::allocator<void> > >[m[K is not derived from [01m[Kstd::unique_ptr<_Tp, _Dp>[m[K
[15.524s]    35 | _ = this->create_publisher<tutorial_interfaces::msg::Num>("topic", 10[01;36m[K)[m[K;
[15.524s]       |                                                                      [01;36m[K^[m[K
[15.524s] 
[15.524s] In file included from [01m[K/usr/include/c++/11/memory:77[m[K,
[15.524s]                  from [01m[K/home/vboxuser/ros2_ws/src/cpp_pubsub/src/publisher_member_function.cpp:17[m[K:
[15.524s] [01m[K/usr/include/c++/11/bits/shared_ptr.h:359:19:[m[K [01;36m[Knote: [m[Kcandidate: [01m[Kstd::shared_ptr<_Tp>& std::shared_ptr<_Tp>::operator=(const std::shared_ptr<_Tp>&) [with _Tp = rclcpp::Publisher<std_msgs::msg::String_<std::allocator<void> > >][m[K
[15.524s]   359 |       shared_ptr& [01;36m[Koperator[m[K=(const shared_ptr&) noexcept = default;
[15.524s]       |                   [01;36m[K^~~~~~~~[m[K
[15.524s] [01m[K/usr/include/c++/11/bits/shared_ptr.h:359:29:[m[K [01;36m[Knote: [m[K  no known conversion for argument 1 from [01m[Kstd::shared_ptr<rclcpp::Publisher<tutorial_interfaces::msg::Num_<std::allocator<void> >, std::allocator<void> > >[m[K to [01m[Kconst std::shared_ptr<rclcpp::Publisher<std_msgs::msg::String_<std::allocator<void> > > >&[m[K
[15.524s]   359 |       shared_ptr& operator=([01;36m[Kconst shared_ptr&[m[K) noexcept = default;
[15.525s]       |                             [01;36m[K^~~~~~~~~~~~~~~~~[m[K
[15.525s] [01m[K/usr/include/c++/11/bits/shared_ptr.h:383:7:[m[K [01;36m[Knote: [m[Kcandidate: [01m[Kstd::shared_ptr<_Tp>& std::shared_ptr<_Tp>::operator=(std::shared_ptr<_Tp>&&) [with _Tp = rclcpp::Publisher<std_msgs::msg::String_<std::allocator<void> > >][m[K
[15.525s]   383 |       [01;36m[Koperator[m[K=(shared_ptr&& __r) noexcept
[15.525s]       |       [01;36m[K^~~~~~~~[m[K
[15.525s] [01m[K/usr/include/c++/11/bits/shared_ptr.h:383:30:[m[K [01;36m[Knote: [m[K  no known conversion for argument 1 from [01m[Kstd::shared_ptr<rclcpp::Publisher<tutorial_interfaces::msg::Num_<std::allocator<void> >, std::allocator<void> > >[m[K to [01m[Kstd::shared_ptr<rclcpp::Publisher<std_msgs::msg::String_<std::allocator<void> > > >&&[m[K
[15.525s]   383 |       operator=([01;36m[Kshared_ptr&& __r[m[K) noexcept
[15.525s]       |                 [01;36m[K~~~~~~~~~~~~~^~~[m[K
[15.549s] [01m[K/home/vboxuser/ros2_ws/src/cpp_pubsub/src/publisher_member_function.cpp:[m[K In member function [01m[Kvoid MinimalPublisher::timer_callback()[m[K:
[15.550s] [01m[K/home/vboxuser/ros2_ws/src/cpp_pubsub/src/publisher_member_function.cpp:46:24:[m[K [01;31m[Kerror: [m[Kno matching function for call to [01m[Krclcpp::Publisher<std_msgs::msg::String_<std::allocator<void> > >::publish(tutorial_interfaces::msg::Num_<std::allocator<void> >&)[m[K
[15.550s]    46 |     [01;31m[Kpublisher_->publish(message)[m[K;
[15.550s]       |     [01;31m[K~~~~~~~~~~~~~~~~~~~^~~~~~~~~[m[K
[15.550s] In file included from [01m[K/home/vboxuser/ros2_humble/install/rclcpp/include/rclcpp/rclcpp/topic_statistics/subscription_topic_statistics.hpp:31[m[K,
[15.550s]                  from [01m[K/home/vboxuser/ros2_humble/install/rclcpp/include/rclcpp/rclcpp/subscription.hpp:50[m[K,
[15.550s]                  from [01m[K/home/vboxuser/ros2_humble/install/rclcpp/include/rclcpp/rclcpp/any_executable.hpp:25[m[K,
[15.550s]                  from [01m[K/home/vboxuser/ros2_humble/install/rclcpp/include/rclcpp/rclcpp/memory_strategy.hpp:25[m[K,
[15.550s]                  from [01m[K/home/vboxuser/ros2_humble/install/rclcpp/include/rclcpp/rclcpp/memory_strategies.hpp:18[m[K,
[15.550s]                  from [01m[K/home/vboxuser/ros2_humble/install/rclcpp/include/rclcpp/rclcpp/executor_options.hpp:20[m[K,
[15.550s]                  from [01m[K/home/vboxuser/ros2_humble/install/rclcpp/include/rclcpp/rclcpp/executor.hpp:37[m[K,
[15.550s]                  from [01m[K/home/vboxuser/ros2_humble/install/rclcpp/include/rclcpp/rclcpp/executors/multi_threaded_executor.hpp:25[m[K,
[15.550s]                  from [01m[K/home/vboxuser/ros2_humble/install/rclcpp/include/rclcpp/rclcpp/executors.hpp:21[m[K,
[15.550s]                  from [01m[K/home/vboxuser/ros2_humble/install/rclcpp/include/rclcpp/rclcpp/rclcpp.hpp:155[m[K,
[15.550s]                  from [01m[K/home/vboxuser/ros2_ws/src/cpp_pubsub/src/publisher_member_function.cpp:20[m[K:
[15.550s] [01m[K/home/vboxuser/ros2_humble/install/rclcpp/include/rclcpp/rclcpp/publisher.hpp:251:3:[m[K [01;36m[Knote: [m[Kcandidate: [01m[Ktemplate<class T> std::enable_if_t<(rosidl_generator_traits::is_message<T>::value && std::is_same<T, typename rclcpp::TypeAdapter<MessageT>::ros_message_type>::value)> rclcpp::Publisher<MessageT, AllocatorT>::publish(std::unique_ptr<T, typename std::conditional<std::is_same<typename std::allocator_traits<typename std::allocator_traits<_Allocator>::rebind_traits<typename rclcpp::TypeAdapter<MessageT, void, void>::ros_message_type>::allocator_type>::rebind_alloc<typename rclcpp::TypeAdapter<MessageT, void, void>::ros_message_type>, std::allocator<typename rclcpp::TypeAdapter<MessageT>::ros_message_type> >::value, std::default_delete<typename rclcpp::TypeAdapter<MessageT>::ros_message_type>, rclcpp::allocator::AllocatorDeleter<typename std::allocator_traits<_Allocator>::rebind_traits<typename rclcpp::TypeAdapter<MessageT, void, void>::ros_message_type>::allocator_type> >::type>) [with T = T; MessageT = std_msgs::msg::String_<std::allocator<void> >; AllocatorT = std::allocator<void>][m[K
[15.550s]   251 |   [01;36m[Kpublish[m[K(std::unique_ptr<T, ROSMessageTypeDeleter> msg)
[15.551s]       |   [01;36m[K^~~~~~~[m[K
[15.551s] [01m[K/home/vboxuser/ros2_humble/install/rclcpp/include/rclcpp/rclcpp/publisher.hpp:251:3:[m[K [01;36m[Knote: [m[K  template argument deduction/substitution failed:
[15.551s] [01m[K/home/vboxuser/ros2_ws/src/cpp_pubsub/src/publisher_member_function.cpp:46:24:[m[K [01;36m[Knote: [m[K  [01m[Ktutorial_interfaces::msg::Num_<std::allocator<void> >[m[K is not derived from [01m[Kstd::unique_ptr<T, std::default_delete<std_msgs::msg::String_<std::allocator<void> > > >[m[K
[15.551s]    46 |     [01;36m[Kpublisher_->publish(message)[m[K;
[15.551s]       |     [01;36m[K~~~~~~~~~~~~~~~~~~~^~~~~~~~~[m[K
[15.551s] In file included from [01m[K/home/vboxuser/ros2_humble/install/rclcpp/include/rclcpp/rclcpp/topic_statistics/subscription_topic_statistics.hpp:31[m[K,
[15.551s]                  from [01m[K/home/vboxuser/ros2_humble/install/rclcpp/include/rclcpp/rclcpp/subscription.hpp:50[m[K,
[15.551s]                  from [01m[K/home/vboxuser/ros2_humble/install/rclcpp/include/rclcpp/rclcpp/any_executable.hpp:25[m[K,
[15.551s]                  from [01m[K/home/vboxuser/ros2_humble/install/rclcpp/include/rclcpp/rclcpp/memory_strategy.hpp:25[m[K,
[15.551s]                  from [01m[K/home/vboxuser/ros2_humble/install/rclcpp/include/rclcpp/rclcpp/memory_strategies.hpp:18[m[K,
[15.551s]                  from [01m[K/home/vboxuser/ros2_humble/install/rclcpp/include/rclcpp/rclcpp/executor_options.hpp:20[m[K,
[15.552s]                  from [01m[K/home/vboxuser/ros2_humble/install/rclcpp/include/rclcpp/rclcpp/executor.hpp:37[m[K,
[15.552s]                  from [01m[K/home/vboxuser/ros2_humble/install/rclcpp/include/rclcpp/rclcpp/executors/multi_threaded_executor.hpp:25[m[K,
[15.552s]                  from [01m[K/home/vboxuser/ros2_humble/install/rclcpp/include/rclcpp/rclcpp/executors.hpp:21[m[K,
[15.552s]                  from [01m[K/home/vboxuser/ros2_humble/install/rclcpp/include/rclcpp/rclcpp/rclcpp.hpp:155[m[K,
[15.552s]                  from [01m[K/home/vboxuser/ros2_ws/src/cpp_pubsub/src/publisher_member_function.cpp:20[m[K:
[15.552s] [01m[K/home/vboxuser/ros2_humble/install/rclcpp/include/rclcpp/rclcpp/publisher.hpp:292:3:[m[K [01;36m[Knote: [m[Kcandidate: [01m[Ktemplate<class T> std::enable_if_t<(rosidl_generator_traits::is_message<T>::value && std::is_same<T, typename rclcpp::TypeAdapter<MessageT>::ros_message_type>::value)> rclcpp::Publisher<MessageT, AllocatorT>::publish(const T&) [with T = T; MessageT = std_msgs::msg::String_<std::allocator<void> >; AllocatorT = std::allocator<void>][m[K
[15.552s]   292 |   [01;36m[Kpublish[m[K(const T & msg)
[15.552s]       |   [01;36m[K^~~~~~~[m[K
[15.552s] [01m[K/home/vboxuser/ros2_humble/install/rclcpp/include/rclcpp/rclcpp/publisher.hpp:292:3:[m[K [01;36m[Knote: [m[K  template argument deduction/substitution failed:
[15.554s] In file included from [01m[K/usr/include/c++/11/ratio:39[m[K,
[15.554s]                  from [01m[K/usr/include/c++/11/chrono:39[m[K,
[15.554s]                  from [01m[K/home/vboxuser/ros2_ws/src/cpp_pubsub/src/publisher_member_function.cpp:15[m[K:
[15.554s] /usr/include/c++/11/type_traits: In substitution of [01m[Ktemplate<bool _Cond, class _Tp> using enable_if_t = typename std::enable_if::type [with bool _Cond = false; _Tp = void][m[K:
[15.554s] [01m[K/home/vboxuser/ros2_humble/install/rclcpp/include/rclcpp/rclcpp/publisher.hpp:292:3:[m[K   required by substitution of [01m[Ktemplate<class T> std::enable_if_t<(rosidl_generator_traits::is_message<T>::value && std::is_same<T, std_msgs::msg::String_<std::allocator<void> > >::value), void> rclcpp::Publisher<std_msgs::msg::String_<std::allocator<void> > >::publish<T>(const T&) [with T = tutorial_interfaces::msg::Num_<std::allocator<void> >][m[K
[15.554s] [01m[K/home/vboxuser/ros2_ws/src/cpp_pubsub/src/publisher_member_function.cpp:46:24:[m[K   required from here
[15.554s] [01m[K/usr/include/c++/11/type_traits:2585:11:[m[K [01;31m[Kerror: [m[Kno type named [01m[Ktype[m[K in [01m[Kstruct std::enable_if<false, void>[m[K
[15.554s]  2585 |     using [01;31m[Kenable_if_t[m[K = typename enable_if<_Cond, _Tp>::type;
[15.554s]       |           [01;31m[K^~~~~~~~~~~[m[K
[15.554s] In file included from [01m[K/home/vboxuser/ros2_humble/install/rclcpp/include/rclcpp/rclcpp/topic_statistics/subscription_topic_statistics.hpp:31[m[K,
[15.554s]                  from [01m[K/home/vboxuser/ros2_humble/install/rclcpp/include/rclcpp/rclcpp/subscription.hpp:50[m[K,
[15.555s]                  from [01m[K/home/vboxuser/ros2_humble/install/rclcpp/include/rclcpp/rclcpp/any_executable.hpp:25[m[K,
[15.555s]                  from [01m[K/home/vboxuser/ros2_humble/install/rclcpp/include/rclcpp/rclcpp/memory_strategy.hpp:25[m[K,
[15.555s]                  from [01m[K/home/vboxuser/ros2_humble/install/rclcpp/include/rclcpp/rclcpp/memory_strategies.hpp:18[m[K,
[15.555s]                  from [01m[K/home/vboxuser/ros2_humble/install/rclcpp/include/rclcpp/rclcpp/executor_options.hpp:20[m[K,
[15.555s]                  from [01m[K/home/vboxuser/ros2_humble/install/rclcpp/include/rclcpp/rclcpp/executor.hpp:37[m[K,
[15.555s]                  from [01m[K/home/vboxuser/ros2_humble/install/rclcpp/include/rclcpp/rclcpp/executors/multi_threaded_executor.hpp:25[m[K,
[15.555s]                  from [01m[K/home/vboxuser/ros2_humble/install/rclcpp/include/rclcpp/rclcpp/executors.hpp:21[m[K,
[15.555s]                  from [01m[K/home/vboxuser/ros2_humble/install/rclcpp/include/rclcpp/rclcpp/rclcpp.hpp:155[m[K,
[15.555s]                  from [01m[K/home/vboxuser/ros2_ws/src/cpp_pubsub/src/publisher_member_function.cpp:20[m[K:
[15.555s] [01m[K/home/vboxuser/ros2_humble/install/rclcpp/include/rclcpp/rclcpp/publisher.hpp:322:3:[m[K [01;36m[Knote: [m[Kcandidate: [01m[Ktemplate<class T> std::enable_if_t<(typename rclcpp::TypeAdapter<MessageT>::is_specialized::value && std::is_same<T, typename rclcpp::TypeAdapter<MessageT>::custom_type>::value)> rclcpp::Publisher<MessageT, AllocatorT>::publish(std::unique_ptr<T, typename std::conditional<std::is_same<typename std::allocator_traits<typename std::allocator_traits<_Allocator>::rebind_traits<typename rclcpp::TypeAdapter<MessageT, void, void>::custom_type>::allocator_type>::rebind_alloc<typename rclcpp::TypeAdapter<MessageT, void, void>::custom_type>, std::allocator<typename rclcpp::TypeAdapter<MessageT>::custom_type> >::value, std::default_delete<typename rclcpp::TypeAdapter<MessageT>::custom_type>, rclcpp::allocator::AllocatorDeleter<typename std::allocator_traits<_Allocator>::rebind_traits<typename rclcpp::TypeAdapter<MessageT, void, void>::custom_type>::allocator_type> >::type>) [with T = T; MessageT = std_msgs::msg::String_<std::allocator<void> >; AllocatorT = std::allocator<void>][m[K
[15.555s]   322 |   [01;36m[Kpublish[m[K(std::unique_ptr<T, PublishedTypeDeleter> msg)
[15.555s]       |   [01;36m[K^~~~~~~[m[K
[15.555s] [01m[K/home/vboxuser/ros2_humble/install/rclcpp/include/rclcpp/rclcpp/publisher.hpp:322:3:[m[K [01;36m[Knote: [m[K  template argument deduction/substitution failed:
[15.555s] [01m[K/home/vboxuser/ros2_ws/src/cpp_pubsub/src/publisher_member_function.cpp:46:24:[m[K [01;36m[Knote: [m[K  [01m[Ktutorial_interfaces::msg::Num_<std::allocator<void> >[m[K is not derived from [01m[Kstd::unique_ptr<T, std::default_delete<std_msgs::msg::String_<std::allocator<void> > > >[m[K
[15.556s]    46 |     [01;36m[Kpublisher_->publish(message)[m[K;
[15.556s]       |     [01;36m[K~~~~~~~~~~~~~~~~~~~^~~~~~~~~[m[K
[15.556s] In file included from [01m[K/home/vboxuser/ros2_humble/install/rclcpp/include/rclcpp/rclcpp/topic_statistics/subscription_topic_statistics.hpp:31[m[K,
[15.556s]                  from [01m[K/home/vboxuser/ros2_humble/install/rclcpp/include/rclcpp/rclcpp/subscription.hpp:50[m[K,
[15.556s]                  from [01m[K/home/vboxuser/ros2_humble/install/rclcpp/include/rclcpp/rclcpp/any_executable.hpp:25[m[K,
[15.556s]                  from [01m[K/home/vboxuser/ros2_humble/install/rclcpp/include/rclcpp/rclcpp/memory_strategy.hpp:25[m[K,
[15.556s]                  from [01m[K/home/vboxuser/ros2_humble/install/rclcpp/include/rclcpp/rclcpp/memory_strategies.hpp:18[m[K,
[15.556s]                  from [01m[K/home/vboxuser/ros2_humble/install/rclcpp/include/rclcpp/rclcpp/executor_options.hpp:20[m[K,
[15.556s]                  from [01m[K/home/vboxuser/ros2_humble/install/rclcpp/include/rclcpp/rclcpp/executor.hpp:37[m[K,
[15.556s]                  from [01m[K/home/vboxuser/ros2_humble/install/rclcpp/include/rclcpp/rclcpp/executors/multi_threaded_executor.hpp:25[m[K,
[15.556s]                  from [01m[K/home/vboxuser/ros2_humble/install/rclcpp/include/rclcpp/rclcpp/executors.hpp:21[m[K,
[15.556s]                  from [01m[K/home/vboxuser/ros2_humble/install/rclcpp/include/rclcpp/rclcpp/rclcpp.hpp:155[m[K,
[15.556s]                  from [01m[K/home/vboxuser/ros2_ws/src/cpp_pubsub/src/publisher_member_function.cpp:20[m[K:
[15.556s] [01m[K/home/vboxuser/ros2_humble/install/rclcpp/include/rclcpp/rclcpp/publisher.hpp:364:3:[m[K [01;36m[Knote: [m[Kcandidate: [01m[Ktemplate<class T> std::enable_if_t<(typename rclcpp::TypeAdapter<MessageT>::is_specialized::value && std::is_same<T, typename rclcpp::TypeAdapter<MessageT>::custom_type>::value)> rclcpp::Publisher<MessageT, AllocatorT>::publish(const T&) [with T = T; MessageT = std_msgs::msg::String_<std::allocator<void> >; AllocatorT = std::allocator<void>][m[K
[15.557s]   364 |   [01;36m[Kpublish[m[K(const T & msg)
[15.557s]       |   [01;36m[K^~~~~~~[m[K
[15.557s] [01m[K/home/vboxuser/ros2_humble/install/rclcpp/include/rclcpp/rclcpp/publisher.hpp:364:3:[m[K [01;36m[Knote: [m[K  template argument deduction/substitution failed:
[15.557s] [01m[K/home/vboxuser/ros2_humble/install/rclcpp/include/rclcpp/rclcpp/publisher.hpp:383:3:[m[K [01;36m[Knote: [m[Kcandidate: [01m[Kvoid rclcpp::Publisher<MessageT, AllocatorT>::publish(const rcl_serialized_message_t&) [with MessageT = std_msgs::msg::String_<std::allocator<void> >; AllocatorT = std::allocator<void>; rcl_serialized_message_t = rcutils_uint8_array_s][m[K
[15.557s]   383 |   [01;36m[Kpublish[m[K(const rcl_serialized_message_t & serialized_msg)
[15.557s]       |   [01;36m[K^~~~~~~[m[K
[15.557s] [01m[K/home/vboxuser/ros2_humble/install/rclcpp/include/rclcpp/rclcpp/publisher.hpp:383:44:[m[K [01;36m[Knote: [m[K  no known conversion for argument 1 from [01m[Ktutorial_interfaces::msg::Num_<std::allocator<void> >[m[K to [01m[Kconst rcl_serialized_message_t&[m[K {aka [01m[Kconst rcutils_uint8_array_s&[m[K}
[15.557s]   383 |   publish([01;36m[Kconst rcl_serialized_message_t & serialized_msg[m[K)
[15.557s]       |           [01;36m[K~~~~~~~~~~~~~~~~~~~~~~~~~~~~~~~~~^~~~~~~~~~~~~~[m[K
[15.557s] [01m[K/home/vboxuser/ros2_humble/install/rclcpp/include/rclcpp/rclcpp/publisher.hpp:389:3:[m[K [01;36m[Knote: [m[Kcandidate: [01m[Kvoid rclcpp::Publisher<MessageT, AllocatorT>::publish(const rclcpp::SerializedMessage&) [with MessageT = std_msgs::msg::String_<std::allocator<void> >; AllocatorT = std::allocator<void>][m[K
[15.557s]   389 |   [01;36m[Kpublish[m[K(const SerializedMessage & serialized_msg)
[15.557s]       |   [01;36m[K^~~~~~~[m[K
[15.557s] [01m[K/home/vboxuser/ros2_humble/install/rclcpp/include/rclcpp/rclcpp/publisher.hpp:389:37:[m[K [01;36m[Knote: [m[K  no known conversion for argument 1 from [01m[Ktutorial_interfaces::msg::Num_<std::allocator<void> >[m[K to [01m[Kconst rclcpp::SerializedMessage&[m[K
[15.558s]   389 |   publish([01;36m[Kconst SerializedMessage & serialized_msg[m[K)
[15.558s]       |           [01;36m[K~~~~~~~~~~~~~~~~~~~~~~~~~~^~~~~~~~~~~~~~[m[K
[15.558s] [01m[K/home/vboxuser/ros2_humble/install/rclcpp/include/rclcpp/rclcpp/publisher.hpp:403:3:[m[K [01;36m[Knote: [m[Kcandidate: [01m[Kvoid rclcpp::Publisher<MessageT, AllocatorT>::publish(rclcpp::LoanedMessage<typename rclcpp::TypeAdapter<MessageT>::ros_message_type, AllocatorT>&&) [with MessageT = std_msgs::msg::String_<std::allocator<void> >; AllocatorT = std::allocator<void>; typename rclcpp::TypeAdapter<MessageT>::ros_message_type = std_msgs::msg::String_<std::allocator<void> >][m[K
[15.558s]   403 |   [01;36m[Kpublish[m[K(rclcpp::LoanedMessage<ROSMessageType, AllocatorT> && loaned_msg)
[15.558s]       |   [01;36m[K^~~~~~~[m[K
[15.558s] [01m[K/home/vboxuser/ros2_humble/install/rclcpp/include/rclcpp/rclcpp/publisher.hpp:403:64:[m[K [01;36m[Knote: [m[K  no known conversion for argument 1 from [01m[Ktutorial_interfaces::msg::Num_<std::allocator<void> >[m[K to [01m[Krclcpp::LoanedMessage<std_msgs::msg::String_<std::allocator<void> >, std::allocator<void> >&&[m[K
[15.558s]   403 | ublish([01;36m[Krclcpp::LoanedMessage<ROSMessageType, AllocatorT> && loaned_msg[m[K)
[15.558s]       |        [01;36m[K~~~~~~~~~~~~~~~~~~~~~~~~~~~~~~~~~~~~~~~~~~~~~~~~~~~~~^~~~~~~~~~[m[K
[15.558s] 
[16.997s] gmake[2]: *** [CMakeFiles/talker.dir/build.make:76: CMakeFiles/talker.dir/src/publisher_member_function.cpp.o] Error 1
[16.998s] gmake[1]: *** [CMakeFiles/Makefile2:141: CMakeFiles/talker.dir/all] Error 2
[33.295s] [ 66%] [32m[1mLinking CXX executable listener[0m
[36.354s] [ 66%] Built target listener
[36.357s] gmake: *** [Makefile:146: all] Error 2
[36.398s] Invoked command in '/home/vboxuser/ros2_ws/src/build/cpp_pubsub' returned '2': AMENT_PREFIX_PATH=/home/vboxuser/ros2_ws/src/install/my_custom_msgs:${AMENT_PREFIX_PATH} CMAKE_PREFIX_PATH=/home/vboxuser/ros2_ws/src/install/tutorial_interfaces:/home/vboxuser/ros2_ws/src/install/my_custom_msgs:/home/vboxuser/ros2_humble/install/rosbag2_storage_mcap:/home/vboxuser/ros2_humble/install/rosbag2:/home/vboxuser/ros2_humble/install/rosbag2_compression_zstd:/home/vboxuser/ros2_humble/install/mcap_vendor:/home/vboxuser/ros2_humble/install/zstd_vendor:/home/vboxuser/ros2_humble/install/rviz_visual_testing_framework:/home/vboxuser/ros2_humble/install/rviz2:/home/vboxuser/ros2_humble/install/rviz_default_plugins:/home/vboxuser/ros2_humble/install/rviz_common:/home/vboxuser/ros2_humble/install/rosbag2_py:/home/vboxuser/ros2_humble/install/rosbag2_transport:/home/vboxuser/ros2_humble/install/rosbag2_performance_benchmarking:/home/vboxuser/ros2_humble/install/rosbag2_compression:/home/vboxuser/ros2_humble/install/rosbag2_cpp:/home/vboxuser/ros2_humble/install/rosbag2_storage_default_plugins:/home/vboxuser/ros2_humble/install/rosbag2_storage:/home/vboxuser/ros2_humble/install/image_common:/home/vboxuser/ros2_humble/install/camera_info_manager:/home/vboxuser/ros2_humble/install/camera_calibration_parsers:/home/vboxuser/ros2_humble/install/yaml_cpp_vendor:/home/vboxuser/ros2_humble/install/interactive_markers:/home/vboxuser/ros2_humble/install/common_interfaces:/home/vboxuser/ros2_humble/install/visualization_msgs:/home/vboxuser/ros2_humble/install/dummy_robot_bringup:/home/vboxuser/ros2_humble/install/robot_state_publisher:/home/vboxuser/ros2_humble/install/kdl_parser:/home/vboxuser/ros2_humble/install/urdf:/home/vboxuser/ros2_humble/install/urdfdom:/home/vboxuser/ros2_humble/install/urdf_parser_plugin:/home/vboxuser/ros2_humble/install/urdfdom_headers:/home/vboxuser/ros2_humble/install/turtlesim:/home/vboxuser/ros2_humble/install/geometry2:/home/vboxuser/ros2_humble/install/tf2_sensor_msgs:/home/vboxuser/ros2_humble/install/test_tf2:/home/vboxuser/ros2_humble/install/tf2_kdl:/home/vboxuser/ros2_humble/install/tf2_geometry_msgs:/home/vboxuser/ros2_humble/install/tf2_eigen:/home/vboxuser/ros2_humble/install/tf2_bullet:/home/vboxuser/ros2_humble/install/tf2_ros:/home/vboxuser/ros2_humble/install/tf2_py:/home/vboxuser/ros2_humble/install/tf2_msgs:/home/vboxuser/ros2_humble/install/test_msgs:/home/vboxuser/ros2_humble/install/sros2_cmake:/home/vboxuser/ros2_humble/install/ros2cli_common_extensions:/home/vboxuser/ros2_humble/install/rqt_py_common:/home/vboxuser/ros2_humble/install/ros_testing:/home/vboxuser/ros2_humble/install/ros2cli_test_interfaces:/home/vboxuser/ros2_humble/install/quality_of_service_demo_cpp:/home/vboxuser/ros2_humble/install/image_transport:/home/vboxuser/ros2_humble/install/message_filters:/home/vboxuser/ros2_humble/install/demo_nodes_cpp:/home/vboxuser/ros2_humble/install/composition:/home/vboxuser/ros2_humble/install/laser_geometry:/home/vboxuser/ros2_humble/install/rclpy:/home/vboxuser/ros2_humble/install/examples_rclcpp_minimal_action_server:/home/vboxuser/ros2_humble/install/examples_rclcpp_minimal_action_client:/home/vboxuser/ros2_humble/install/action_tutorials_cpp:/home/vboxuser/ros2_humble/install/rclcpp_action:/home/vboxuser/ros2_humble/install/rcl_action:/home/vboxuser/ros2_humble/install/examples_rclcpp_wait_set:/home/vboxuser/ros2_humble/install/examples_rclcpp_minimal_service:/home/vboxuser/ros2_humble/install/examples_rclcpp_minimal_client:/home/vboxuser/ros2_humble/install/examples_rclcpp_async_client:/home/vboxuser/ros2_humble/install/example_interfaces:/home/vboxuser/ros2_humble/install/action_tutorials_interfaces:/home/vboxuser/ros2_humble/install/action_msgs:/home/vboxuser/ros2_humble/install/unique_identifier_msgs:/home/vboxuser/ros2_humble/install/ament_lint_common:/home/vboxuser/ros2_humble/install/ament_cmake_uncrustify:/home/vboxuser/ros2_humble/install/uncrustify_vendor:/home/vboxuser/ros2_humble/install/trajectory_msgs:/home/vboxuser/ros2_humble/install/topic_statistics_demo:/home/vboxuser/ros2_humble/install/pendulum_control:/home/vboxuser/ros2_humble/install/tlsf_cpp:/home/vboxuser/ros2_humble/install/test_tracetools:/home/vboxuser/ros2_humble/install/rqt_gui_cpp:/home/vboxuser/ros2_humble/install/rosbag2_test_common:/home/vboxuser/ros2_humble/install/ros2lifecycle_test_fixtures:/home/vboxuser/ros2_humble/install/lifecycle:/home/vboxuser/ros2_humble/install/rclcpp_lifecycle:/home/vboxuser/ros2_humble/install/logging_demo:/home/vboxuser/ros2_humble/install/image_tools:/home/vboxuser/ros2_humble/install/examples_rclcpp_minimal_subscriber:/home/vboxuser/ros2_humble/install/examples_rclcpp_minimal_composition:/home/vboxuser/ros2_humble/install/demo_nodes_cpp_native:/home/vboxuser/ros2_humble/install/rclcpp_components:/home/vboxuser/ros2_humble/install/intra_process_demo:/home/vboxuser/ros2_humble/install/examples_rclcpp_multithreaded_executor:/home/vboxuser/ros2_humble/install/examples_rclcpp_minimal_timer:/home/vboxuser/ros2_humble/install/examples_rclcpp_minimal_publisher:/home/vboxuser/ros2_humble/install/examples_rclcpp_cbg_executor:/home/vboxuser/ros2_humble/install/dummy_sensors:/home/vboxuser/ros2_humble/install/dummy_map_server:/home/vboxuser/ros2_humble/install/rclcpp:/home/vboxuser/ros2_humble/install/rcl_lifecycle:/home/vboxuser/ros2_humble/install/libstatistics_collector:/home/vboxuser/ros2_humble/install/rcl:/home/vboxuser/ros2_humble/install/rmw_implementation:/home/vboxuser/ros2_humble/install/rmw_fastrtps_dynamic_cpp:/home/vboxuser/ros2_humble/install/rmw_fastrtps_cpp:/home/vboxuser/ros2_humble/install/rmw_fastrtps_shared_cpp:/home/vboxuser/ros2_humble/install/rmw_cyclonedds_cpp:/home/vboxuser/ros2_humble/install/tracetools:/home/vboxuser/ros2_humble/install/tlsf:/home/vboxuser/ros2_humble/install/tinyxml_vendor:/home/vboxuser/ros2_humble/install/qt_gui_core:/home/vboxuser/ros2_humble/install/qt_gui_cpp:/home/vboxuser/ros2_humble/install/pluginlib:/home/vboxuser/ros2_humble/install/tinyxml2_vendor:/home/vboxuser/ros2_humble/install/tf2_eigen_kdl:/home/vboxuser/ros2_humble/install/tf2:/home/vboxuser/ros2_humble/install/test_security:/home/vboxuser/ros2_humble/install/test_rmw_implementation:/home/vboxuser/ros2_humble/install/test_rclcpp:/home/vboxuser/ros2_humble/install/test_quality_of_service:/home/vboxuser/ros2_humble/install/test_launch_testing:/home/vboxuser/ros2_humble/install/test_interface_files:/home/vboxuser/ros2_humble/install/test_communication:/home/vboxuser/ros2_humble/install/test_cli_remapping:/home/vboxuser/ros2_humble/install/test_cli:/home/vboxuser/ros2_humble/install/qt_gui_app:/home/vboxuser/ros2_humble/install/qt_gui:/home/vboxuser/ros2_humble/install/tango_icons_vendor:/home/vboxuser/ros2_humble/install/stereo_msgs:/home/vboxuser/ros2_humble/install/std_srvs:/home/vboxuser/ros2_humble/install/shape_msgs:/home/vboxuser/ros2_humble/install/map_msgs:/home/vboxuser/ros2_humble/install/sensor_msgs:/home/vboxuser/ros2_humble/install/nav_msgs:/home/vboxuser/ros2_humble/install/diagnostic_msgs:/home/vboxuser/ros2_humble/install/geometry_msgs:/home/vboxuser/ros2_humble/install/actionlib_msgs:/home/vboxuser/ros2_humble/install/std_msgs:/home/vboxuser/ros2_humble/install/statistics_msgs:/home/vboxuser/ros2_humble/install/sqlite3_vendor:/home/vboxuser/ros2_humble/install/rcl_logging_spdlog:/home/vboxuser/ros2_humble/install/spdlog_vendor:/home/vboxuser/ros2_humble/install/shared_queues_vendor:/home/vboxuser/ros2_humble/install/rviz_rendering_tests:/home/vboxuser/ros2_humble/install/rviz_rendering:/home/vboxuser/ros2_humble/install/rviz_ogre_vendor:/home/vboxuser/ros2_humble/install/rviz_assimp_vendor:/home/vboxuser/ros2_humble/install/rttest:/home/vboxuser/ros2_humble/install/rmw_connextddsmicro:/home/vboxuser/ros2_humble/install/rmw_connextdds:/home/vboxuser/ros2_humble/install/rmw_connextdds_common:/home/vboxuser/ros2_humble/install/rti_connext_dds_cmake_module:/home/vboxuser/ros2_humble/install/rosgraph_msgs:/home/vboxuser/ros2_humble/install/rosbag2_interfaces:/home/vboxuser/ros2_humble/install/rmw_dds_common:/home/vboxuser/ros2_humble/install/composition_interfaces:/home/vboxuser/ros2_humble/install/rcl_interfaces:/home/vboxuser/ros2_humble/install/pendulum_msgs:/home/vboxuser/ros2_humble/install/lifecycle_msgs:/home/vboxuser/ros2_humble/install/builtin_interfaces:/home/vboxuser/ros2_humble/install/rosidl_default_runtime:/home/vboxuser/ros2_humble/install/rosidl_default_generators:/home/vboxuser/ros2_humble/install/rosidl_generator_py:/home/vboxuser/ros2_humble/install/rosidl_typesupport_introspection_tests:/home/vboxuser/ros2_humble/install/rosidl_typesupport_cpp:/home/vboxuser/ros2_humble/install/rosidl_typesupport_introspection_cpp:/home/vboxuser/ros2_humble/install/rosidl_typesupport_c:/home/vboxuser/ros2_humble/install/rosidl_typesupport_introspection_c:/home/vboxuser/ros2_humble/install/rosidl_typesupport_fastrtps_c:/home/vboxuser/ros2_humble/install/rosidl_typesupport_fastrtps_cpp:/home/vboxuser/ros2_humble/install/rosidl_generator_cpp:/home/vboxuser/ros2_humble/install/rosidl_runtime_cpp:/home/vboxuser/ros2_humble/install/rcl_yaml_param_parser:/home/vboxuser/ros2_humble/install/rmw:/home/vboxuser/ros2_humble/install/rosidl_runtime_c:/home/vboxuser/ros2_humble/install/rosidl_generator_c:/home/vboxuser/ros2_humble/install/rosidl_typesupport_interface:/home/vboxuser/ros2_humble/install/rosidl_generator_dds_idl:/home/vboxuser/ros2_humble/install/rosidl_cmake:/home/vboxuser/ros2_humble/install/rosidl_parser:/home/vboxuser/ros2_humble/install/rosidl_adapter:/home/vboxuser/ros2_humble/install/rosbag2_tests:/home/vboxuser/ros2_humble/install/rosbag2_storage_mcap_testdata:/home/vboxuser/ros2_humble/install/ros_environment:/home/vboxuser/ros2_humble/install/rmw_implementation_cmake:/home/vboxuser/ros2_humble/install/resource_retriever:/home/vboxuser/ros2_humble/install/class_loader:/home/vboxuser/ros2_humble/install/rcpputils:/home/vboxuser/ros2_humble/install/rcl_logging_noop:/home/vboxuser/ros2_humble/install/rcl_logging_interface:/home/vboxuser/ros2_humble/install/rcutils:/home/vboxuser/ros2_humble/install/qt_gui_py_common:/home/vboxuser/ros2_humble/install/qt_dotgraph:/home/vboxuser/ros2_humble/install/python_qt_binding:/home/vboxuser/ros2_humble/install/python_orocos_kdl_vendor:/home/vboxuser/ros2_humble/install/launch_testing_ament_cmake:/home/vboxuser/ros2_humble/install/python_cmake_module:/home/vboxuser/ros2_humble/install/pybind11_vendor:/home/vboxuser/ros2_humble/install/performance_test_fixture:/home/vboxuser/ros2_humble/install/osrf_testing_tools_cpp:/home/vboxuser/ros2_humble/install/orocos_kdl_vendor:/home/vboxuser/ros2_humble/install/my_package:/home/vboxuser/ros2_humble/install/mimick_vendor:/home/vboxuser/ros2_humble/install/libyaml_vendor:/home/vboxuser/ros2_humble/install/libcurl_vendor:/home/vboxuser/ros2_humble/install/keyboard_handler:/home/vboxuser/ros2_humble/install/cyclonedds:/home/vboxuser/ros2_humble/install/iceoryx_posh:/home/vboxuser/ros2_humble/install/iceoryx_hoofs:/home/vboxuser/ros2_humble/install/iceoryx_binding_c:/home/vboxuser/ros2_humble/install/ament_cmake_ros:/home/vboxuser/ros2_humble/install/ament_cmake_gmock:/home/vboxuser/ros2_humble/install/gmock_vendor:/home/vboxuser/ros2_humble/install/ament_cmake_auto:/home/vboxuser/ros2_humble/install/ament_cmake_gtest:/home/vboxuser/ros2_humble/install/gtest_vendor:/home/vboxuser/ros2_humble/install/ament_cmake_google_benchmark:/home/vboxuser/ros2_humble/install/google_benchmark_vendor:/home/vboxuser/ros2_humble/install/fastrtps:/home/vboxuser/ros2_humble/install/foonathan_memory_vendor:/home/vboxuser/ros2_humble/install/fastrtps_cmake_module:/home/vboxuser/ros2_humble/install/fastcdr:/home/vboxuser/ros2_humble/install/eigen3_cmake_module:/home/vboxuser/ros2_humble/install/console_bridge_vendor:/home/vboxuser/ros2_humble/install/ament_cmake_xmllint:/home/vboxuser/ros2_humble/install/ament_cmake_pyflakes:/home/vboxuser/ros2_humble/install/ament_cmake_pycodestyle:/home/vboxuser/ros2_humble/install/ament_cmake_pep257:/home/vboxuser/ros2_humble/install/ament_cmake_pclint:/home/vboxuser/ros2_humble/install/ament_lint_auto:/home/vboxuser/ros2_humble/install/ament_cmake:/home/vboxuser/ros2_humble/install/ament_cmake_version:/home/vboxuser/ros2_humble/install/ament_cmake_pytest:/home/vboxuser/ros2_humble/install/ament_cmake_nose:/home/vboxuser/ros2_humble/install/ament_cmake_mypy:/home/vboxuser/ros2_humble/install/ament_cmake_lint_cmake:/home/vboxuser/ros2_humble/install/ament_cmake_flake8:/home/vboxuser/ros2_humble/install/ament_cmake_cpplint:/home/vboxuser/ros2_humble/install/ament_cmake_cppcheck:/home/vboxuser/ros2_humble/install/ament_cmake_copyright:/home/vboxuser/ros2_humble/install/ament_cmake_clang_tidy:/home/vboxuser/ros2_humble/install/ament_cmake_clang_format:/home/vboxuser/ros2_humble/install/ament_cmake_test:/home/vboxuser/ros2_humble/install/ament_cmake_target_dependencies:/home/vboxuser/ros2_humble/install/ament_cmake_python:/home/vboxuser/ros2_humble/install/ament_cmake_export_dependencies:/home/vboxuser/ros2_humble/install/ament_cmake_libraries:/home/vboxuser/ros2_humble/install/ament_cmake_include_directories:/home/vboxuser/ros2_humble/install/ament_cmake_gen_version_h:/home/vboxuser/ros2_humble/install/ament_cmake_export_targets:/home/vboxuser/ros2_humble/install/ament_cmake_export_link_flags:/home/vboxuser/ros2_humble/install/ament_cmake_export_interfaces:/home/vboxuser/ros2_humble/install/ament_cmake_export_libraries:/home/vboxuser/ros2_humble/install/ament_cmake_export_include_directories:/home/vboxuser/ros2_humble/install/ament_cmake_export_definitions:/home/vboxuser/ros2_humble/install/ament_cmake_core:/home/vboxuser/ros2_humble/install/ament_index_cpp:/home/vboxuser/ros2_humble/install/rqt_bag_plugins:/home/vboxuser/ros2_humble/install/rqt_bag:/home/vboxuser/ros2_humble/install/ros2bag:/home/vboxuser/ros2_humble/install/tracetools_test:/home/vboxuser/ros2_humble/install/tracetools_launch:/home/vboxuser/ros2_humble/install/topic_monitor:/home/vboxuser/ros2_humble/install/tf2_tools:/home/vboxuser/ros2_humble/install/examples_tf2_py:/home/vboxuser/ros2_humble/install/tf2_ros_py:/home/vboxuser/ros2_humble/install/sros2:/home/vboxuser/ros2_humble/install/rqt_topic:/home/vboxuser/ros2_humble/install/rqt_srv:/home/vboxuser/ros2_humble/install/rqt_shell:/home/vboxuser/ros2_humble/install/rqt_service_caller:/home/vboxuser/ros2_humble/install/rqt_reconfigure:/home/vboxuser/ros2_humble/install/rqt_py_console:/home/vboxuser/ros2_humble/install/rqt_publisher:/home/vboxuser/ros2_humble/install/rqt_plot:/home/vboxuser/ros2_humble/install/rqt_action:/home/vboxuser/ros2_humble/install/rqt_msg:/home/vboxuser/ros2_humble/install/rqt_console:/home/vboxuser/ros2_humble/install/rqt:/home/vboxuser/ros2_humble/install/rqt_graph:/home/vboxuser/ros2_humble/install/rqt_gui_py:/home/vboxuser/ros2_humble/install/rqt_gui:/home/vboxuser/ros2_humble/install/ros2trace:/home/vboxuser/ros2_humble/install/ros2topic:/home/vboxuser/ros2_humble/install/ros2test:/home/vboxuser/ros2_humble/install/ros2component:/home/vboxuser/ros2_humble/install/ros2param:/home/vboxuser/ros2_humble/install/ros2lifecycle:/home/vboxuser/ros2_humble/install/ros2service:/home/vboxuser/ros2_humble/install/ros2run:/home/vboxuser/ros2_humble/install/ros2launch:/home/vboxuser/ros2_humble/install/ros2pkg:/home/vboxuser/ros2_humble/install/ros2node:/home/vboxuser/ros2_humble/install/ros2multicast:/home/vboxuser/ros2_humble/install/ros2interface:/home/vboxuser/ros2_humble/install/ros2doctor:/home/vboxuser/ros2_humble/install/ros2action:/home/vboxuser/ros2_humble/install/ros2cli:/home/vboxuser/ros2_humble/install/quality_of_service_demo_py:/home/vboxuser/ros2_humble/install/lifecycle_py:/home/vboxuser/ros2_humble/install/launch_testing_ros:/home/vboxuser/ros2_humble/install/launch_ros:/home/vboxuser/ros2_humble/install/examples_rclpy_pointcloud_publisher:/home/vboxuser/ros2_humble/install/examples_rclpy_minimal_subscriber:/home/vboxuser/ros2_humble/install/examples_rclpy_minimal_service:/home/vboxuser/ros2_humble/install/examples_rclpy_minimal_publisher:/home/vboxuser/ros2_humble/install/examples_rclpy_minimal_client:/home/vboxuser/ros2_humble/install/examples_rclpy_minimal_action_server:/home/vboxuser/ros2_humble/install/examples_rclpy_minimal_action_client:/home/vboxuser/ros2_humble/install/examples_rclpy_guard_conditions:/home/vboxuser/ros2_humble/install/examples_rclpy_executors:/home/vboxuser/ros2_humble/install/demo_nodes_py:/home/vboxuser/ros2_humble/install/action_tutorials_py:/home/vboxuser/ros2_humble/install/ament_uncrustify:/home/vboxuser/ros2_humble/install/tracetools_trace:/home/vboxuser/ros2_humble/install/tracetools_read:/home/vboxuser/ros2_humble/install/test_tracetools_launch:/home/vboxuser/ros2_humble/install/test_launch_ros:/home/vboxuser/ros2_humble/install/sensor_msgs_py:/home/vboxuser/ros2_humble/install/rpyutils:/home/vboxuser/ros2_humble/install/rosidl_runtime_py:/home/vboxuser/ros2_humble/install/rosidl_cli:/home/vboxuser/ros2_humble/install/launch_pytest:/home/vboxuser/ros2_humble/install/launch_testing:/home/vboxuser/ros2_humble/install/launch_yaml:/home/vboxuser/ros2_humble/install/launch_xml:/home/vboxuser/ros2_humble/install/launch:/home/vboxuser/ros2_humble/install/osrf_pycommon:/home/vboxuser/ros2_humble/install/launch_testing_examples:/home/vboxuser/ros2_humble/install/domain_coordinator:/home/vboxuser/ros2_humble/install/ament_xmllint:/home/vboxuser/ros2_humble/install/ament_pyflakes:/home/vboxuser/ros2_humble/install/ament_pycodestyle:/home/vboxuser/ros2_humble/install/ament_pep257:/home/vboxuser/ros2_humble/install/ament_pclint:/home/vboxuser/ros2_humble/install/ament_package:/home/vboxuser/ros2_humble/install/ament_mypy:/home/vboxuser/ros2_humble/install/ament_lint_cmake:/home/vboxuser/ros2_humble/install/ament_flake8:/home/vboxuser/ros2_humble/install/ament_copyright:/home/vboxuser/ros2_humble/install/ament_lint:/home/vboxuser/ros2_humble/install/ament_index_python:/home/vboxuser/ros2_humble/install/ament_cpplint:/home/vboxuser/ros2_humble/install/ament_cppcheck:/home/vboxuser/ros2_humble/install/ament_clang_tidy:/home/vboxuser/ros2_humble/install/ament_clang_format /usr/bin/cmake --build /home/vboxuser/ros2_ws/src/build/cpp_pubsub -- -j4 -l4
